

================================================================
== Vitis HLS Report for 'ImgSharpeningFilter'
================================================================
* Date:           Sat Jan 17 20:48:10 2026

* Version:        2025.1 (Build 6135595 on May 21 2025)
* Project:        ImgSharpeningFilter
* Solution:       hls (Vitis Kernel Flow Target)
* Product family: zynq
* Target device:  xc7z007s-clg400-1


================================================================
== Performance Estimates
================================================================
+ Timing: 
    * Summary: 
    +--------+---------+----------+------------+
    |  Clock |  Target | Estimated| Uncertainty|
    +--------+---------+----------+------------+
    |ap_clk  |  8.00 ns|  6.301 ns|     0.96 ns|
    +--------+---------+----------+------------+

+ Latency: 
    * Summary: 
    +---------+---------+-----------+-----------+-----+-----+---------+
    |  Latency (cycles) |   Latency (absolute)  |  Interval | Pipeline|
    |   min   |   max   |    min    |    max    | min | max |   Type  |
    +---------+---------+-----------+-----------+-----+-----+---------+
    |        2|        2|  16.000 ns|  16.000 ns|    3|    3|       no|
    +---------+---------+-----------+-----------+-----+-----+---------+

    + Detail: 
        * Instance: 
        N/A

        * Loop: 
        N/A

============================================================
+ Verbose Summary: Synthesis Manager
============================================================
InlineROM: 1
ExposeGlobal: 0
============================================================
+ Verbose Summary: CDFG Model
============================================================
IsTopModel: 1
ResetActiveHigh: 1
IsCombinational: 0
IsDatapathOnly: 0
HasWiredReturn: 1
HasMFsm: 0
HasVarLatency: 1
IsPipeline: 0
IsRtlPipelined: 0
IsInstanceOverlapped: 0
IsDontTouch: 0
HasImplIP: 0
IsGatedGlobalClock: 0


============================================================
+ Verbose Summary: Schedule
============================================================
* Number of FSM states : 3
* Pipeline : 0
* Dataflow Pipeline: 0

* FSM state transitions: 
1 --> 2 
2 --> 3 
3 --> 

* FSM state operations: 

State 1 <SV = 0> <Delay = 2.91>
ST_1 : Operation 4 [1/1] (1.00ns)   --->   "%data_in_1_read = read i8 @_ssdm_op_Read.ap_none.i8, i8 %data_in_1" [/home/szymon/Desktop/CORA_Z7/projekt/HLS/code/img_sharpening_filter.cpp:4]   --->   Operation 4 'read' 'data_in_1_read' <Predicate = true> <Delay = 1.00> <CoreInst = "s_axilite">   --->   Core 112 's_axilite' <Latency = 0> <II = 1> <Delay = 1.00> <Adapter> <Opcode : 'read' 'write'>
ST_1 : Operation 5 [1/1] (0.00ns)   --->   "%p_ZZ19ImgSharpeningFilter7ap_uintILi8EES0_S0_E13data_in_array_1_1_load = load i8 %p_ZZ19ImgSharpeningFilter7ap_uintILi8EES0_S0_E13data_in_array_1_1" [/home/szymon/Desktop/CORA_Z7/projekt/HLS/code/img_sharpening_filter.cpp:21]   --->   Operation 5 'load' 'p_ZZ19ImgSharpeningFilter7ap_uintILi8EES0_S0_E13data_in_array_1_1_load' <Predicate = true> <Delay = 0.00>
ST_1 : Operation 6 [1/1] (0.00ns)   --->   "%zext_ln38_1 = zext i8 %data_in_1_read" [/home/szymon/Desktop/CORA_Z7/projekt/HLS/code/img_sharpening_filter.cpp:38]   --->   Operation 6 'zext' 'zext_ln38_1' <Predicate = true> <Delay = 0.00>
ST_1 : Operation 7 [1/1] (0.00ns)   --->   "%zext_ln38_3 = zext i8 %p_ZZ19ImgSharpeningFilter7ap_uintILi8EES0_S0_E13data_in_array_1_1_load" [/home/szymon/Desktop/CORA_Z7/projekt/HLS/code/img_sharpening_filter.cpp:38]   --->   Operation 7 'zext' 'zext_ln38_3' <Predicate = true> <Delay = 0.00>
ST_1 : Operation 8 [1/1] (1.91ns)   --->   "%add_ln49 = add i9 %zext_ln38_1, i9 %zext_ln38_3" [/home/szymon/Desktop/CORA_Z7/projekt/HLS/code/img_sharpening_filter.cpp:49]   --->   Operation 8 'add' 'add_ln49' <Predicate = true> <Delay = 1.91> <CoreInst = "Adder">   --->   Core 1 'Adder' <Latency = 0> <II = 1> <Delay = 1.91> <FuncUnit> <Opcode : 'add' 'sub'> <InPorts = 2> <OutPorts = 1>

State 2 <SV = 1> <Delay = 6.30>
ST_2 : Operation 9 [1/1] (0.00ns)   --->   "%p_ZZ19ImgSharpeningFilter7ap_uintILi8EES0_S0_E13data_in_array_0_0_load = load i8 %p_ZZ19ImgSharpeningFilter7ap_uintILi8EES0_S0_E13data_in_array_0_0" [/home/szymon/Desktop/CORA_Z7/projekt/HLS/code/img_sharpening_filter.cpp:21]   --->   Operation 9 'load' 'p_ZZ19ImgSharpeningFilter7ap_uintILi8EES0_S0_E13data_in_array_0_0_load' <Predicate = true> <Delay = 0.00>
ST_2 : Operation 10 [1/1] (0.00ns)   --->   "%p_ZZ19ImgSharpeningFilter7ap_uintILi8EES0_S0_E13data_in_array_1_0_load = load i8 %p_ZZ19ImgSharpeningFilter7ap_uintILi8EES0_S0_E13data_in_array_1_0" [/home/szymon/Desktop/CORA_Z7/projekt/HLS/code/img_sharpening_filter.cpp:21]   --->   Operation 10 'load' 'p_ZZ19ImgSharpeningFilter7ap_uintILi8EES0_S0_E13data_in_array_1_0_load' <Predicate = true> <Delay = 0.00>
ST_2 : Operation 11 [1/1] (0.00ns)   --->   "%p_ZZ19ImgSharpeningFilter7ap_uintILi8EES0_S0_E13data_in_array_2_0_load = load i8 %p_ZZ19ImgSharpeningFilter7ap_uintILi8EES0_S0_E13data_in_array_2_0" [/home/szymon/Desktop/CORA_Z7/projekt/HLS/code/img_sharpening_filter.cpp:21]   --->   Operation 11 'load' 'p_ZZ19ImgSharpeningFilter7ap_uintILi8EES0_S0_E13data_in_array_2_0_load' <Predicate = true> <Delay = 0.00>
ST_2 : Operation 12 [1/1] (0.00ns)   --->   "%store_ln21 = store i8 %p_ZZ19ImgSharpeningFilter7ap_uintILi8EES0_S0_E13data_in_array_1_0_load, i8 %p_ZZ19ImgSharpeningFilter7ap_uintILi8EES0_S0_E13data_in_array_1_1" [/home/szymon/Desktop/CORA_Z7/projekt/HLS/code/img_sharpening_filter.cpp:21]   --->   Operation 12 'store' 'store_ln21' <Predicate = true> <Delay = 0.00>
ST_2 : Operation 13 [1/1] (0.00ns)   --->   "%store_ln27 = store i8 %data_in_1_read, i8 %p_ZZ19ImgSharpeningFilter7ap_uintILi8EES0_S0_E13data_in_array_1_0" [/home/szymon/Desktop/CORA_Z7/projekt/HLS/code/img_sharpening_filter.cpp:27]   --->   Operation 13 'store' 'store_ln27' <Predicate = true> <Delay = 0.00>
ST_2 : Operation 14 [1/1] (0.00ns)   --->   "%zext_ln38 = zext i8 %p_ZZ19ImgSharpeningFilter7ap_uintILi8EES0_S0_E13data_in_array_0_0_load" [/home/szymon/Desktop/CORA_Z7/projekt/HLS/code/img_sharpening_filter.cpp:38]   --->   Operation 14 'zext' 'zext_ln38' <Predicate = true> <Delay = 0.00>
ST_2 : Operation 15 [1/1] (0.00ns)   --->   "%zext_ln38_2 = zext i8 %p_ZZ19ImgSharpeningFilter7ap_uintILi8EES0_S0_E13data_in_array_1_0_load" [/home/szymon/Desktop/CORA_Z7/projekt/HLS/code/img_sharpening_filter.cpp:38]   --->   Operation 15 'zext' 'zext_ln38_2' <Predicate = true> <Delay = 0.00>
ST_2 : Operation 16 [1/1] (0.00ns)   --->   "%zext_ln49 = zext i8 %p_ZZ19ImgSharpeningFilter7ap_uintILi8EES0_S0_E13data_in_array_2_0_load" [/home/szymon/Desktop/CORA_Z7/projekt/HLS/code/img_sharpening_filter.cpp:49]   --->   Operation 16 'zext' 'zext_ln49' <Predicate = true> <Delay = 0.00>
ST_2 : Operation 17 [1/1] (0.00ns)   --->   "%tmp = bitconcatenate i10 @_ssdm_op_BitConcatenate.i10.i8.i2, i8 %p_ZZ19ImgSharpeningFilter7ap_uintILi8EES0_S0_E13data_in_array_1_0_load, i2 0" [/home/szymon/Desktop/CORA_Z7/projekt/HLS/code/img_sharpening_filter.cpp:49]   --->   Operation 17 'bitconcatenate' 'tmp' <Predicate = true> <Delay = 0.00>
ST_2 : Operation 18 [1/1] (0.00ns)   --->   "%zext_ln49_3 = zext i10 %tmp" [/home/szymon/Desktop/CORA_Z7/projekt/HLS/code/img_sharpening_filter.cpp:49]   --->   Operation 18 'zext' 'zext_ln49_3' <Predicate = true> <Delay = 0.00>
ST_2 : Operation 19 [1/1] (1.73ns)   --->   "%add_ln49_2 = add i11 %zext_ln49_3, i11 %zext_ln38_2" [/home/szymon/Desktop/CORA_Z7/projekt/HLS/code/img_sharpening_filter.cpp:49]   --->   Operation 19 'add' 'add_ln49_2' <Predicate = true> <Delay = 1.73> <CoreInst = "Adder">   --->   Core 1 'Adder' <Latency = 0> <II = 1> <Delay = 1.73> <FuncUnit> <Opcode : 'add' 'sub'> <InPorts = 2> <OutPorts = 1>
ST_2 : Operation 20 [1/1] (0.00ns)   --->   "%zext_ln43 = zext i11 %add_ln49_2" [/home/szymon/Desktop/CORA_Z7/projekt/HLS/code/img_sharpening_filter.cpp:43]   --->   Operation 20 'zext' 'zext_ln43' <Predicate = true> <Delay = 0.00>
ST_2 : Operation 21 [1/1] (0.00ns)   --->   "%zext_ln49_1 = zext i9 %add_ln49" [/home/szymon/Desktop/CORA_Z7/projekt/HLS/code/img_sharpening_filter.cpp:49]   --->   Operation 21 'zext' 'zext_ln49_1' <Predicate = true> <Delay = 0.00>
ST_2 : Operation 22 [1/1] (1.82ns)   --->   "%add_ln49_1 = add i10 %zext_ln49_1, i10 %zext_ln38" [/home/szymon/Desktop/CORA_Z7/projekt/HLS/code/img_sharpening_filter.cpp:49]   --->   Operation 22 'add' 'add_ln49_1' <Predicate = true> <Delay = 1.82> <CoreInst = "Adder">   --->   Core 1 'Adder' <Latency = 0> <II = 1> <Delay = 1.82> <FuncUnit> <Opcode : 'add' 'sub'> <InPorts = 2> <OutPorts = 1>
ST_2 : Operation 23 [1/1] (0.00ns)   --->   "%zext_ln49_2 = zext i10 %add_ln49_1" [/home/szymon/Desktop/CORA_Z7/projekt/HLS/code/img_sharpening_filter.cpp:49]   --->   Operation 23 'zext' 'zext_ln49_2' <Predicate = true> <Delay = 0.00>
ST_2 : Operation 24 [1/1] (0.00ns) (grouped into TernaryAdder)   --->   "%AddRes_3 = sub i12 %zext_ln43, i12 %zext_ln49_2" [/home/szymon/Desktop/CORA_Z7/projekt/HLS/code/img_sharpening_filter.cpp:49]   --->   Operation 24 'sub' 'AddRes_3' <Predicate = true> <Delay = 0.00> <CoreInst = "TAddSub">   --->   Core 10 'TAddSub' <Latency = 0> <II = 1> <Delay = 1.89> <IPBlock> <Opcode : 'add' 'sub'> <InPorts = 3> <OutPorts = 1> <Sync> <CReg>
ST_2 : Operation 25 [1/1] (3.78ns) (root node of TernaryAdder)   --->   "%AddRes = sub i12 %AddRes_3, i12 %zext_ln49" [/home/szymon/Desktop/CORA_Z7/projekt/HLS/code/img_sharpening_filter.cpp:49]   --->   Operation 25 'sub' 'AddRes' <Predicate = true> <Delay = 3.78> <CoreInst = "TAddSub">   --->   Core 10 'TAddSub' <Latency = 0> <II = 1> <Delay = 1.89> <IPBlock> <Opcode : 'add' 'sub'> <InPorts = 3> <OutPorts = 1> <Sync> <CReg>
ST_2 : Operation 26 [1/1] (0.00ns)   --->   "%trunc_ln43 = trunc i12 %AddRes" [/home/szymon/Desktop/CORA_Z7/projekt/HLS/code/img_sharpening_filter.cpp:43]   --->   Operation 26 'trunc' 'trunc_ln43' <Predicate = true> <Delay = 0.00>
ST_2 : Operation 27 [1/1] (0.00ns)   --->   "%tmp_1 = bitselect i1 @_ssdm_op_BitSelect.i1.i12.i32, i12 %AddRes, i32 11" [/home/szymon/Desktop/CORA_Z7/projekt/HLS/code/img_sharpening_filter.cpp:54]   --->   Operation 27 'bitselect' 'tmp_1' <Predicate = true> <Delay = 0.00>
ST_2 : Operation 28 [1/1] (0.69ns)   --->   "%AddRes_2 = select i1 %tmp_1, i11 0, i11 %trunc_ln43" [/home/szymon/Desktop/CORA_Z7/projekt/HLS/code/img_sharpening_filter.cpp:54]   --->   Operation 28 'select' 'AddRes_2' <Predicate = true> <Delay = 0.69> <CoreInst = "Sel">   --->   Core 73 'Sel' <Latency = 0> <II = 1> <Delay = 0.69> <FuncUnit> <Opcode : 'select'> <InPorts = 3> <OutPorts = 1>
ST_2 : Operation 29 [1/1] (0.00ns)   --->   "%tmp_2 = partselect i3 @_ssdm_op_PartSelect.i3.i11.i32.i32, i11 %AddRes_2, i32 8, i32 10" [/home/szymon/Desktop/CORA_Z7/projekt/HLS/code/img_sharpening_filter.cpp:55]   --->   Operation 29 'partselect' 'tmp_2' <Predicate = true> <Delay = 0.00>
ST_2 : Operation 30 [1/1] (0.00ns)   --->   "%trunc_ln58 = trunc i11 %AddRes_2" [/home/szymon/Desktop/CORA_Z7/projekt/HLS/code/img_sharpening_filter.cpp:58]   --->   Operation 30 'trunc' 'trunc_ln58' <Predicate = true> <Delay = 0.00>

State 3 <SV = 2> <Delay = 2.89>
ST_3 : Operation 31 [1/1] (0.00ns)   --->   "%specbitsmap_ln0 = specbitsmap void @_ssdm_op_SpecBitsMap, i8 0"   --->   Operation 31 'specbitsmap' 'specbitsmap_ln0' <Predicate = true> <Delay = 0.00>
ST_3 : Operation 32 [1/1] (0.00ns)   --->   "%spectopmodule_ln4 = spectopmodule void @_ssdm_op_SpecTopModule, void @empty_7" [/home/szymon/Desktop/CORA_Z7/projekt/HLS/code/img_sharpening_filter.cpp:4]   --->   Operation 32 'spectopmodule' 'spectopmodule_ln4' <Predicate = true> <Delay = 0.00>
ST_3 : Operation 33 [1/1] (0.00ns)   --->   "%specinterface_ln4 = specinterface void @_ssdm_op_SpecInterface, i32 0, void @empty_8, i32 0, i32 0, void @empty_0, i32 0, i32 0, void @empty_0, void @empty_0, void @empty_0, i32 0, i32 0, i32 0, i32 0, void @empty_0, void @empty_0, i32 4294967295, i32 0, i32 0" [/home/szymon/Desktop/CORA_Z7/projekt/HLS/code/img_sharpening_filter.cpp:4]   --->   Operation 33 'specinterface' 'specinterface_ln4' <Predicate = true> <Delay = 0.00>
ST_3 : Operation 34 [1/1] (0.00ns)   --->   "%specbitsmap_ln0 = specbitsmap void @_ssdm_op_SpecBitsMap, i8 %data_in_0"   --->   Operation 34 'specbitsmap' 'specbitsmap_ln0' <Predicate = true> <Delay = 0.00>
ST_3 : Operation 35 [1/1] (0.00ns)   --->   "%specinterface_ln0 = specinterface void @_ssdm_op_SpecInterface, i8 %data_in_0, void @empty, i32 0, i32 0, void @empty_0, i32 0, i32 0, void @empty_1, void @empty_2, void @empty_0, i32 0, i32 0, i32 0, i32 0, void @empty_0, void @empty_0, i32 4294967295, i32 0, i32 0"   --->   Operation 35 'specinterface' 'specinterface_ln0' <Predicate = true> <Delay = 0.00>
ST_3 : Operation 36 [1/1] (0.00ns)   --->   "%specinterface_ln0 = specinterface void @_ssdm_op_SpecInterface, i8 %data_in_0, void @empty_3, i32 0, i32 0, void @empty_0, i32 0, i32 0, void @empty_0, void @empty_0, void @empty_0, i32 0, i32 0, i32 0, i32 0, void @empty_0, void @empty_0, i32 4294967295, i32 0, i32 0"   --->   Operation 36 'specinterface' 'specinterface_ln0' <Predicate = true> <Delay = 0.00>
ST_3 : Operation 37 [1/1] (0.00ns)   --->   "%specbitsmap_ln0 = specbitsmap void @_ssdm_op_SpecBitsMap, i8 %data_in_1"   --->   Operation 37 'specbitsmap' 'specbitsmap_ln0' <Predicate = true> <Delay = 0.00>
ST_3 : Operation 38 [1/1] (0.00ns)   --->   "%specinterface_ln0 = specinterface void @_ssdm_op_SpecInterface, i8 %data_in_1, void @empty, i32 0, i32 0, void @empty_0, i32 0, i32 0, void @empty_1, void @empty_4, void @empty_0, i32 0, i32 0, i32 0, i32 0, void @empty_0, void @empty_0, i32 4294967295, i32 0, i32 0"   --->   Operation 38 'specinterface' 'specinterface_ln0' <Predicate = true> <Delay = 0.00>
ST_3 : Operation 39 [1/1] (0.00ns)   --->   "%specinterface_ln0 = specinterface void @_ssdm_op_SpecInterface, i8 %data_in_1, void @empty_3, i32 0, i32 0, void @empty_0, i32 0, i32 0, void @empty_0, void @empty_0, void @empty_0, i32 0, i32 0, i32 0, i32 0, void @empty_0, void @empty_0, i32 4294967295, i32 0, i32 0"   --->   Operation 39 'specinterface' 'specinterface_ln0' <Predicate = true> <Delay = 0.00>
ST_3 : Operation 40 [1/1] (0.00ns)   --->   "%specbitsmap_ln0 = specbitsmap void @_ssdm_op_SpecBitsMap, i8 %data_in_2"   --->   Operation 40 'specbitsmap' 'specbitsmap_ln0' <Predicate = true> <Delay = 0.00>
ST_3 : Operation 41 [1/1] (0.00ns)   --->   "%specinterface_ln0 = specinterface void @_ssdm_op_SpecInterface, i8 %data_in_2, void @empty, i32 0, i32 0, void @empty_0, i32 0, i32 0, void @empty_1, void @empty_5, void @empty_0, i32 0, i32 0, i32 0, i32 0, void @empty_0, void @empty_0, i32 4294967295, i32 0, i32 0"   --->   Operation 41 'specinterface' 'specinterface_ln0' <Predicate = true> <Delay = 0.00>
ST_3 : Operation 42 [1/1] (0.00ns)   --->   "%specinterface_ln0 = specinterface void @_ssdm_op_SpecInterface, i8 %data_in_2, void @empty_3, i32 0, i32 0, void @empty_0, i32 0, i32 0, void @empty_0, void @empty_0, void @empty_0, i32 0, i32 0, i32 0, i32 0, void @empty_0, void @empty_0, i32 4294967295, i32 0, i32 0"   --->   Operation 42 'specinterface' 'specinterface_ln0' <Predicate = true> <Delay = 0.00>
ST_3 : Operation 43 [1/1] (0.00ns)   --->   "%specinterface_ln0 = specinterface void @_ssdm_op_SpecInterface, i32 0, void @empty, i32 0, i32 0, void @empty_0, i32 0, i32 0, void @empty_1, void @empty_6, void @empty_0, i32 0, i32 0, i32 0, i32 0, void @empty_0, void @empty_0, i32 4294967295, i32 0, i32 0"   --->   Operation 43 'specinterface' 'specinterface_ln0' <Predicate = true> <Delay = 0.00>
ST_3 : Operation 44 [1/1] (1.00ns)   --->   "%data_in_2_read = read i8 @_ssdm_op_Read.ap_none.i8, i8 %data_in_2" [/home/szymon/Desktop/CORA_Z7/projekt/HLS/code/img_sharpening_filter.cpp:4]   --->   Operation 44 'read' 'data_in_2_read' <Predicate = true> <Delay = 1.00> <CoreInst = "s_axilite">   --->   Core 112 's_axilite' <Latency = 0> <II = 1> <Delay = 1.00> <Adapter> <Opcode : 'read' 'write'>
ST_3 : Operation 45 [1/1] (1.00ns)   --->   "%data_in_0_read = read i8 @_ssdm_op_Read.ap_none.i8, i8 %data_in_0" [/home/szymon/Desktop/CORA_Z7/projekt/HLS/code/img_sharpening_filter.cpp:4]   --->   Operation 45 'read' 'data_in_0_read' <Predicate = true> <Delay = 1.00> <CoreInst = "s_axilite">   --->   Core 112 's_axilite' <Latency = 0> <II = 1> <Delay = 1.00> <Adapter> <Opcode : 'read' 'write'>
ST_3 : Operation 46 [1/1] (0.00ns)   --->   "%store_ln26 = store i8 %data_in_0_read, i8 %p_ZZ19ImgSharpeningFilter7ap_uintILi8EES0_S0_E13data_in_array_0_0" [/home/szymon/Desktop/CORA_Z7/projekt/HLS/code/img_sharpening_filter.cpp:26]   --->   Operation 46 'store' 'store_ln26' <Predicate = true> <Delay = 0.00>
ST_3 : Operation 47 [1/1] (0.00ns)   --->   "%store_ln28 = store i8 %data_in_2_read, i8 %p_ZZ19ImgSharpeningFilter7ap_uintILi8EES0_S0_E13data_in_array_2_0" [/home/szymon/Desktop/CORA_Z7/projekt/HLS/code/img_sharpening_filter.cpp:28]   --->   Operation 47 'store' 'store_ln28' <Predicate = true> <Delay = 0.00>
ST_3 : Operation 48 [1/1] (1.65ns)   --->   "%icmp_ln55 = icmp_ne  i3 %tmp_2, i3 0" [/home/szymon/Desktop/CORA_Z7/projekt/HLS/code/img_sharpening_filter.cpp:55]   --->   Operation 48 'icmp' 'icmp_ln55' <Predicate = true> <Delay = 1.65> <CoreInst = "Cmp">   --->   Core 9 'Cmp' <Latency = 0> <II = 1> <Delay = 1.65> <FuncUnit> <Opcode : 'seteq' 'setne' 'setle' 'setge' 'setlt' 'setgt'> <InPorts = 2> <OutPorts = 1>
ST_3 : Operation 49 [1/1] (1.24ns)   --->   "%select_ln58 = select i1 %icmp_ln55, i8 255, i8 %trunc_ln58" [/home/szymon/Desktop/CORA_Z7/projekt/HLS/code/img_sharpening_filter.cpp:58]   --->   Operation 49 'select' 'select_ln58' <Predicate = true> <Delay = 1.24> <CoreInst = "Sel">   --->   Core 73 'Sel' <Latency = 0> <II = 1> <Delay = 1.24> <FuncUnit> <Opcode : 'select'> <InPorts = 3> <OutPorts = 1>
ST_3 : Operation 50 [1/1] (0.00ns)   --->   "%ret_ln59 = ret i8 %select_ln58" [/home/szymon/Desktop/CORA_Z7/projekt/HLS/code/img_sharpening_filter.cpp:59]   --->   Operation 50 'ret' 'ret_ln59' <Predicate = true> <Delay = 0.00>


============================================================
+ Verbose Summary: Binding
============================================================
STG Binding: 
---------------- STG Properties BEGIN ----------------
- Is combinational: 0
- Is one-state seq: 0
- Is datapath-only: 0
- Is pipelined: 0
- Is top level: 1
Port [ Return ] is wired: 1; IO mode=ap_ctrl_chain:ce=0
Port [ data_in_0]:  wired=1; compound=0; hidden=0; nouse=0; global=0; static=0; extern=0; dir=0; type=0; pingpong=0; private_global=0; IO mode=ap_none:ce=0
Port [ data_in_1]:  wired=1; compound=0; hidden=0; nouse=0; global=0; static=0; extern=0; dir=0; type=0; pingpong=0; private_global=0; IO mode=ap_none:ce=0
Port [ data_in_2]:  wired=1; compound=0; hidden=0; nouse=0; global=0; static=0; extern=0; dir=0; type=0; pingpong=0; private_global=0; IO mode=ap_none:ce=0
Port [ p_ZZ19ImgSharpeningFilter7ap_uintILi8EES0_S0_E13data_in_array_0_0]:  wired=0; compound=0; hidden=1; nouse=0; global=1; static=1; extern=0; dir=2; type=0; pingpong=0; private_global=1; IO mode=ap_ovld:ce=0
Port [ p_ZZ19ImgSharpeningFilter7ap_uintILi8EES0_S0_E13data_in_array_1_1]:  wired=0; compound=0; hidden=1; nouse=0; global=1; static=1; extern=0; dir=2; type=0; pingpong=0; private_global=1; IO mode=ap_ovld:ce=0
Port [ p_ZZ19ImgSharpeningFilter7ap_uintILi8EES0_S0_E13data_in_array_1_0]:  wired=0; compound=0; hidden=1; nouse=0; global=1; static=1; extern=0; dir=2; type=0; pingpong=0; private_global=1; IO mode=ap_ovld:ce=0
Port [ p_ZZ19ImgSharpeningFilter7ap_uintILi8EES0_S0_E13data_in_array_2_0]:  wired=0; compound=0; hidden=1; nouse=0; global=1; static=1; extern=0; dir=2; type=0; pingpong=0; private_global=1; IO mode=ap_ovld:ce=0
---------------- STG Properties END ------------------

---------------- Datapath Model BEGIN ----------------

<LifeTime>
<method=bitvector/>
data_in_1_read                                                         (read          ) [ 0010]
p_ZZ19ImgSharpeningFilter7ap_uintILi8EES0_S0_E13data_in_array_1_1_load (load          ) [ 0000]
zext_ln38_1                                                            (zext          ) [ 0000]
zext_ln38_3                                                            (zext          ) [ 0000]
add_ln49                                                               (add           ) [ 0010]
p_ZZ19ImgSharpeningFilter7ap_uintILi8EES0_S0_E13data_in_array_0_0_load (load          ) [ 0000]
p_ZZ19ImgSharpeningFilter7ap_uintILi8EES0_S0_E13data_in_array_1_0_load (load          ) [ 0000]
p_ZZ19ImgSharpeningFilter7ap_uintILi8EES0_S0_E13data_in_array_2_0_load (load          ) [ 0000]
store_ln21                                                             (store         ) [ 0000]
store_ln27                                                             (store         ) [ 0000]
zext_ln38                                                              (zext          ) [ 0000]
zext_ln38_2                                                            (zext          ) [ 0000]
zext_ln49                                                              (zext          ) [ 0000]
tmp                                                                    (bitconcatenate) [ 0000]
zext_ln49_3                                                            (zext          ) [ 0000]
add_ln49_2                                                             (add           ) [ 0000]
zext_ln43                                                              (zext          ) [ 0000]
zext_ln49_1                                                            (zext          ) [ 0000]
add_ln49_1                                                             (add           ) [ 0000]
zext_ln49_2                                                            (zext          ) [ 0000]
AddRes_3                                                               (sub           ) [ 0000]
AddRes                                                                 (sub           ) [ 0000]
trunc_ln43                                                             (trunc         ) [ 0000]
tmp_1                                                                  (bitselect     ) [ 0000]
AddRes_2                                                               (select        ) [ 0000]
tmp_2                                                                  (partselect    ) [ 0001]
trunc_ln58                                                             (trunc         ) [ 0001]
specbitsmap_ln0                                                        (specbitsmap   ) [ 0000]
spectopmodule_ln4                                                      (spectopmodule ) [ 0000]
specinterface_ln4                                                      (specinterface ) [ 0000]
specbitsmap_ln0                                                        (specbitsmap   ) [ 0000]
specinterface_ln0                                                      (specinterface ) [ 0000]
specinterface_ln0                                                      (specinterface ) [ 0000]
specbitsmap_ln0                                                        (specbitsmap   ) [ 0000]
specinterface_ln0                                                      (specinterface ) [ 0000]
specinterface_ln0                                                      (specinterface ) [ 0000]
specbitsmap_ln0                                                        (specbitsmap   ) [ 0000]
specinterface_ln0                                                      (specinterface ) [ 0000]
specinterface_ln0                                                      (specinterface ) [ 0000]
specinterface_ln0                                                      (specinterface ) [ 0000]
data_in_2_read                                                         (read          ) [ 0000]
data_in_0_read                                                         (read          ) [ 0000]
store_ln26                                                             (store         ) [ 0000]
store_ln28                                                             (store         ) [ 0000]
icmp_ln55                                                              (icmp          ) [ 0000]
select_ln58                                                            (select        ) [ 0000]
ret_ln59                                                               (ret           ) [ 0000]
</LifeTime>

<model>

<comp_list>
<comp id="0" class="1000" name="data_in_0">
<pin_list>
<pin id="1" dir="1" index="0" bw="1" slack="0"/>
</pin_list>
<bind>
<StgValue><ssdm name="data_in_0"/></StgValue>
</bind>
</comp>

<comp id="2" class="1000" name="data_in_1">
<pin_list>
<pin id="3" dir="1" index="0" bw="1" slack="0"/>
</pin_list>
<bind>
<StgValue><ssdm name="data_in_1"/></StgValue>
</bind>
</comp>

<comp id="4" class="1000" name="data_in_2">
<pin_list>
<pin id="5" dir="1" index="0" bw="1" slack="0"/>
</pin_list>
<bind>
<StgValue><ssdm name="data_in_2"/></StgValue>
</bind>
</comp>

<comp id="6" class="1000" name="p_ZZ19ImgSharpeningFilter7ap_uintILi8EES0_S0_E13data_in_array_0_0">
<pin_list>
<pin id="7" dir="1" index="0" bw="1" slack="0"/>
</pin_list>
<bind>
<StgValue><ssdm name="p_ZZ19ImgSharpeningFilter7ap_uintILi8EES0_S0_E13data_in_array_0_0"/></StgValue>
</bind>
</comp>

<comp id="8" class="1000" name="p_ZZ19ImgSharpeningFilter7ap_uintILi8EES0_S0_E13data_in_array_1_1">
<pin_list>
<pin id="9" dir="1" index="0" bw="1" slack="0"/>
</pin_list>
<bind>
<StgValue><ssdm name="p_ZZ19ImgSharpeningFilter7ap_uintILi8EES0_S0_E13data_in_array_1_1"/></StgValue>
</bind>
</comp>

<comp id="10" class="1000" name="p_ZZ19ImgSharpeningFilter7ap_uintILi8EES0_S0_E13data_in_array_1_0">
<pin_list>
<pin id="11" dir="1" index="0" bw="1" slack="0"/>
</pin_list>
<bind>
<StgValue><ssdm name="p_ZZ19ImgSharpeningFilter7ap_uintILi8EES0_S0_E13data_in_array_1_0"/></StgValue>
</bind>
</comp>

<comp id="12" class="1000" name="p_ZZ19ImgSharpeningFilter7ap_uintILi8EES0_S0_E13data_in_array_2_0">
<pin_list>
<pin id="13" dir="1" index="0" bw="1" slack="0"/>
</pin_list>
<bind>
<StgValue><ssdm name="p_ZZ19ImgSharpeningFilter7ap_uintILi8EES0_S0_E13data_in_array_2_0"/></StgValue>
</bind>
</comp>

<comp id="14" class="1001" name="const_14">
<pin_list>
<pin id="15" dir="1" index="0" bw="1" slack="0"/>
</pin_list>
<bind>
<StgValue><ssdm name="_ssdm_op_Read.ap_none.i8"/></StgValue>
</bind>
</comp>

<comp id="16" class="1001" name="const_16">
<pin_list>
<pin id="17" dir="1" index="0" bw="1" slack="0"/>
</pin_list>
<bind>
<StgValue><ssdm name="_ssdm_op_BitConcatenate.i10.i8.i2"/></StgValue>
</bind>
</comp>

<comp id="18" class="1001" name="const_18">
<pin_list>
<pin id="19" dir="1" index="0" bw="1" slack="0"/>
</pin_list>
<bind>
<StgValue><ssdm name=""/></StgValue>
</bind>
</comp>

<comp id="20" class="1001" name="const_20">
<pin_list>
<pin id="21" dir="1" index="0" bw="1" slack="0"/>
</pin_list>
<bind>
<StgValue><ssdm name="_ssdm_op_BitSelect.i1.i12.i32"/></StgValue>
</bind>
</comp>

<comp id="22" class="1001" name="const_22">
<pin_list>
<pin id="23" dir="1" index="0" bw="1" slack="0"/>
</pin_list>
<bind>
<StgValue><ssdm name=""/></StgValue>
</bind>
</comp>

<comp id="24" class="1001" name="const_24">
<pin_list>
<pin id="25" dir="1" index="0" bw="1" slack="0"/>
</pin_list>
<bind>
<StgValue><ssdm name=""/></StgValue>
</bind>
</comp>

<comp id="26" class="1001" name="const_26">
<pin_list>
<pin id="27" dir="1" index="0" bw="1" slack="0"/>
</pin_list>
<bind>
<StgValue><ssdm name="_ssdm_op_PartSelect.i3.i11.i32.i32"/></StgValue>
</bind>
</comp>

<comp id="28" class="1001" name="const_28">
<pin_list>
<pin id="29" dir="1" index="0" bw="1" slack="0"/>
</pin_list>
<bind>
<StgValue><ssdm name=""/></StgValue>
</bind>
</comp>

<comp id="30" class="1001" name="const_30">
<pin_list>
<pin id="31" dir="1" index="0" bw="1" slack="0"/>
</pin_list>
<bind>
<StgValue><ssdm name=""/></StgValue>
</bind>
</comp>

<comp id="32" class="1001" name="const_32">
<pin_list>
<pin id="33" dir="1" index="0" bw="1" slack="2147483647"/>
</pin_list>
<bind>
<StgValue><ssdm name="_ssdm_op_SpecBitsMap"/></StgValue>
</bind>
</comp>

<comp id="34" class="1001" name="const_34">
<pin_list>
<pin id="35" dir="1" index="0" bw="1" slack="2147483647"/>
</pin_list>
<bind>
<StgValue><ssdm name=""/></StgValue>
</bind>
</comp>

<comp id="36" class="1001" name="const_36">
<pin_list>
<pin id="37" dir="1" index="0" bw="1" slack="2147483647"/>
</pin_list>
<bind>
<StgValue><ssdm name="_ssdm_op_SpecTopModule"/></StgValue>
</bind>
</comp>

<comp id="38" class="1001" name="const_38">
<pin_list>
<pin id="39" dir="1" index="0" bw="1" slack="2147483647"/>
</pin_list>
<bind>
<StgValue><ssdm name="empty_7"/></StgValue>
</bind>
</comp>

<comp id="40" class="1001" name="const_40">
<pin_list>
<pin id="41" dir="1" index="0" bw="1" slack="2147483647"/>
</pin_list>
<bind>
<StgValue><ssdm name="_ssdm_op_SpecInterface"/></StgValue>
</bind>
</comp>

<comp id="42" class="1001" name="const_42">
<pin_list>
<pin id="43" dir="1" index="0" bw="1" slack="2147483647"/>
</pin_list>
<bind>
<StgValue><ssdm name=""/></StgValue>
</bind>
</comp>

<comp id="44" class="1001" name="const_44">
<pin_list>
<pin id="45" dir="1" index="0" bw="1" slack="2147483647"/>
</pin_list>
<bind>
<StgValue><ssdm name="empty_8"/></StgValue>
</bind>
</comp>

<comp id="46" class="1001" name="const_46">
<pin_list>
<pin id="47" dir="1" index="0" bw="1" slack="2147483647"/>
</pin_list>
<bind>
<StgValue><ssdm name="empty_0"/></StgValue>
</bind>
</comp>

<comp id="48" class="1001" name="const_48">
<pin_list>
<pin id="49" dir="1" index="0" bw="1" slack="2147483647"/>
</pin_list>
<bind>
<StgValue><ssdm name=""/></StgValue>
</bind>
</comp>

<comp id="50" class="1001" name="const_50">
<pin_list>
<pin id="51" dir="1" index="0" bw="1" slack="2147483647"/>
</pin_list>
<bind>
<StgValue><ssdm name="empty"/></StgValue>
</bind>
</comp>

<comp id="52" class="1001" name="const_52">
<pin_list>
<pin id="53" dir="1" index="0" bw="1" slack="2147483647"/>
</pin_list>
<bind>
<StgValue><ssdm name="empty_1"/></StgValue>
</bind>
</comp>

<comp id="54" class="1001" name="const_54">
<pin_list>
<pin id="55" dir="1" index="0" bw="1" slack="2147483647"/>
</pin_list>
<bind>
<StgValue><ssdm name="empty_2"/></StgValue>
</bind>
</comp>

<comp id="56" class="1001" name="const_56">
<pin_list>
<pin id="57" dir="1" index="0" bw="1" slack="2147483647"/>
</pin_list>
<bind>
<StgValue><ssdm name="empty_3"/></StgValue>
</bind>
</comp>

<comp id="58" class="1001" name="const_58">
<pin_list>
<pin id="59" dir="1" index="0" bw="1" slack="2147483647"/>
</pin_list>
<bind>
<StgValue><ssdm name="empty_4"/></StgValue>
</bind>
</comp>

<comp id="60" class="1001" name="const_60">
<pin_list>
<pin id="61" dir="1" index="0" bw="1" slack="2147483647"/>
</pin_list>
<bind>
<StgValue><ssdm name="empty_5"/></StgValue>
</bind>
</comp>

<comp id="62" class="1001" name="const_62">
<pin_list>
<pin id="63" dir="1" index="0" bw="1" slack="2147483647"/>
</pin_list>
<bind>
<StgValue><ssdm name="empty_6"/></StgValue>
</bind>
</comp>

<comp id="64" class="1001" name="const_64">
<pin_list>
<pin id="65" dir="1" index="0" bw="1" slack="0"/>
</pin_list>
<bind>
<StgValue><ssdm name=""/></StgValue>
</bind>
</comp>

<comp id="66" class="1001" name="const_66">
<pin_list>
<pin id="67" dir="1" index="0" bw="1" slack="0"/>
</pin_list>
<bind>
<StgValue><ssdm name=""/></StgValue>
</bind>
</comp>

<comp id="68" class="1004" name="data_in_1_read_read_fu_68">
<pin_list>
<pin id="69" dir="0" index="0" bw="8" slack="0"/>
<pin id="70" dir="0" index="1" bw="8" slack="0"/>
<pin id="71" dir="1" index="2" bw="8" slack="0"/>
</pin_list>
<bind>
<opcode="read(1150) " fcode="read"/>
<opset="data_in_1_read/1 "/>
</bind>
</comp>

<comp id="74" class="1004" name="data_in_2_read_read_fu_74">
<pin_list>
<pin id="75" dir="0" index="0" bw="8" slack="0"/>
<pin id="76" dir="0" index="1" bw="8" slack="0"/>
<pin id="77" dir="1" index="2" bw="8" slack="0"/>
</pin_list>
<bind>
<opcode="read(1150) " fcode="read"/>
<opset="data_in_2_read/3 "/>
</bind>
</comp>

<comp id="80" class="1004" name="data_in_0_read_read_fu_80">
<pin_list>
<pin id="81" dir="0" index="0" bw="8" slack="0"/>
<pin id="82" dir="0" index="1" bw="8" slack="0"/>
<pin id="83" dir="1" index="2" bw="8" slack="0"/>
</pin_list>
<bind>
<opcode="read(1150) " fcode="read"/>
<opset="data_in_0_read/3 "/>
</bind>
</comp>

<comp id="86" class="1004" name="p_ZZ19ImgSharpeningFilter7ap_uintILi8EES0_S0_E13data_in_array_1_1_load_load_fu_86">
<pin_list>
<pin id="87" dir="0" index="0" bw="8" slack="0"/>
<pin id="88" dir="1" index="1" bw="8" slack="0"/>
</pin_list>
<bind>
<opcode="load(27) " fcode="load"/>
<opset="p_ZZ19ImgSharpeningFilter7ap_uintILi8EES0_S0_E13data_in_array_1_1_load/1 "/>
</bind>
</comp>

<comp id="90" class="1004" name="zext_ln38_1_fu_90">
<pin_list>
<pin id="91" dir="0" index="0" bw="8" slack="0"/>
<pin id="92" dir="1" index="1" bw="9" slack="0"/>
</pin_list>
<bind>
<opcode="zext(34) " fcode="zext"/>
<opset="zext_ln38_1/1 "/>
</bind>
</comp>

<comp id="94" class="1004" name="zext_ln38_3_fu_94">
<pin_list>
<pin id="95" dir="0" index="0" bw="8" slack="0"/>
<pin id="96" dir="1" index="1" bw="9" slack="0"/>
</pin_list>
<bind>
<opcode="zext(34) " fcode="zext"/>
<opset="zext_ln38_3/1 "/>
</bind>
</comp>

<comp id="98" class="1004" name="add_ln49_fu_98">
<pin_list>
<pin id="99" dir="0" index="0" bw="8" slack="0"/>
<pin id="100" dir="0" index="1" bw="8" slack="0"/>
<pin id="101" dir="1" index="2" bw="9" slack="1"/>
</pin_list>
<bind>
<opcode="add(8) " fcode="add"/>
<opset="add_ln49/1 "/>
</bind>
</comp>

<comp id="104" class="1004" name="p_ZZ19ImgSharpeningFilter7ap_uintILi8EES0_S0_E13data_in_array_0_0_load_load_fu_104">
<pin_list>
<pin id="105" dir="0" index="0" bw="8" slack="0"/>
<pin id="106" dir="1" index="1" bw="8" slack="0"/>
</pin_list>
<bind>
<opcode="load(27) " fcode="load"/>
<opset="p_ZZ19ImgSharpeningFilter7ap_uintILi8EES0_S0_E13data_in_array_0_0_load/2 "/>
</bind>
</comp>

<comp id="108" class="1004" name="p_ZZ19ImgSharpeningFilter7ap_uintILi8EES0_S0_E13data_in_array_1_0_load_load_fu_108">
<pin_list>
<pin id="109" dir="0" index="0" bw="8" slack="0"/>
<pin id="110" dir="1" index="1" bw="8" slack="0"/>
</pin_list>
<bind>
<opcode="load(27) " fcode="load"/>
<opset="p_ZZ19ImgSharpeningFilter7ap_uintILi8EES0_S0_E13data_in_array_1_0_load/2 "/>
</bind>
</comp>

<comp id="112" class="1004" name="p_ZZ19ImgSharpeningFilter7ap_uintILi8EES0_S0_E13data_in_array_2_0_load_load_fu_112">
<pin_list>
<pin id="113" dir="0" index="0" bw="8" slack="0"/>
<pin id="114" dir="1" index="1" bw="8" slack="0"/>
</pin_list>
<bind>
<opcode="load(27) " fcode="load"/>
<opset="p_ZZ19ImgSharpeningFilter7ap_uintILi8EES0_S0_E13data_in_array_2_0_load/2 "/>
</bind>
</comp>

<comp id="116" class="1004" name="store_ln21_store_fu_116">
<pin_list>
<pin id="117" dir="0" index="0" bw="8" slack="0"/>
<pin id="118" dir="0" index="1" bw="8" slack="0"/>
<pin id="119" dir="1" index="2" bw="0" slack="2147483647"/>
</pin_list>
<bind>
<opcode="store(28) " fcode="store"/>
<opset="store_ln21/2 "/>
</bind>
</comp>

<comp id="122" class="1004" name="store_ln27_store_fu_122">
<pin_list>
<pin id="123" dir="0" index="0" bw="8" slack="1"/>
<pin id="124" dir="0" index="1" bw="8" slack="0"/>
<pin id="125" dir="1" index="2" bw="0" slack="2147483647"/>
</pin_list>
<bind>
<opcode="store(28) " fcode="store"/>
<opset="store_ln27/2 "/>
</bind>
</comp>

<comp id="127" class="1004" name="zext_ln38_fu_127">
<pin_list>
<pin id="128" dir="0" index="0" bw="8" slack="0"/>
<pin id="129" dir="1" index="1" bw="10" slack="0"/>
</pin_list>
<bind>
<opcode="zext(34) " fcode="zext"/>
<opset="zext_ln38/2 "/>
</bind>
</comp>

<comp id="131" class="1004" name="zext_ln38_2_fu_131">
<pin_list>
<pin id="132" dir="0" index="0" bw="8" slack="0"/>
<pin id="133" dir="1" index="1" bw="11" slack="0"/>
</pin_list>
<bind>
<opcode="zext(34) " fcode="zext"/>
<opset="zext_ln38_2/2 "/>
</bind>
</comp>

<comp id="135" class="1004" name="zext_ln49_fu_135">
<pin_list>
<pin id="136" dir="0" index="0" bw="8" slack="0"/>
<pin id="137" dir="1" index="1" bw="12" slack="0"/>
</pin_list>
<bind>
<opcode="zext(34) " fcode="zext"/>
<opset="zext_ln49/2 "/>
</bind>
</comp>

<comp id="139" class="1004" name="tmp_fu_139">
<pin_list>
<pin id="140" dir="0" index="0" bw="10" slack="0"/>
<pin id="141" dir="0" index="1" bw="8" slack="0"/>
<pin id="142" dir="0" index="2" bw="1" slack="0"/>
<pin id="143" dir="1" index="3" bw="10" slack="0"/>
</pin_list>
<bind>
<opcode="bitconcatenate(1004) " fcode="bitconcatenate"/>
<opset="tmp/2 "/>
</bind>
</comp>

<comp id="147" class="1004" name="zext_ln49_3_fu_147">
<pin_list>
<pin id="148" dir="0" index="0" bw="10" slack="0"/>
<pin id="149" dir="1" index="1" bw="11" slack="0"/>
</pin_list>
<bind>
<opcode="zext(34) " fcode="zext"/>
<opset="zext_ln49_3/2 "/>
</bind>
</comp>

<comp id="151" class="1004" name="add_ln49_2_fu_151">
<pin_list>
<pin id="152" dir="0" index="0" bw="10" slack="0"/>
<pin id="153" dir="0" index="1" bw="8" slack="0"/>
<pin id="154" dir="1" index="2" bw="11" slack="0"/>
</pin_list>
<bind>
<opcode="add(8) " fcode="add"/>
<opset="add_ln49_2/2 "/>
</bind>
</comp>

<comp id="157" class="1004" name="zext_ln43_fu_157">
<pin_list>
<pin id="158" dir="0" index="0" bw="11" slack="0"/>
<pin id="159" dir="1" index="1" bw="12" slack="0"/>
</pin_list>
<bind>
<opcode="zext(34) " fcode="zext"/>
<opset="zext_ln43/2 "/>
</bind>
</comp>

<comp id="161" class="1004" name="zext_ln49_1_fu_161">
<pin_list>
<pin id="162" dir="0" index="0" bw="9" slack="1"/>
<pin id="163" dir="1" index="1" bw="10" slack="0"/>
</pin_list>
<bind>
<opcode="zext(34) " fcode="zext"/>
<opset="zext_ln49_1/2 "/>
</bind>
</comp>

<comp id="164" class="1004" name="add_ln49_1_fu_164">
<pin_list>
<pin id="165" dir="0" index="0" bw="9" slack="0"/>
<pin id="166" dir="0" index="1" bw="8" slack="0"/>
<pin id="167" dir="1" index="2" bw="10" slack="0"/>
</pin_list>
<bind>
<opcode="add(8) " fcode="add"/>
<opset="add_ln49_1/2 "/>
</bind>
</comp>

<comp id="170" class="1004" name="zext_ln49_2_fu_170">
<pin_list>
<pin id="171" dir="0" index="0" bw="10" slack="0"/>
<pin id="172" dir="1" index="1" bw="12" slack="0"/>
</pin_list>
<bind>
<opcode="zext(34) " fcode="zext"/>
<opset="zext_ln49_2/2 "/>
</bind>
</comp>

<comp id="174" class="1004" name="AddRes_3_fu_174">
<pin_list>
<pin id="175" dir="0" index="0" bw="11" slack="0"/>
<pin id="176" dir="0" index="1" bw="10" slack="0"/>
<pin id="177" dir="1" index="2" bw="12" slack="0"/>
</pin_list>
<bind>
<opcode="sub(10) " fcode="sub"/>
<opset="AddRes_3/2 "/>
</bind>
</comp>

<comp id="180" class="1004" name="AddRes_fu_180">
<pin_list>
<pin id="181" dir="0" index="0" bw="12" slack="0"/>
<pin id="182" dir="0" index="1" bw="8" slack="0"/>
<pin id="183" dir="1" index="2" bw="12" slack="0"/>
</pin_list>
<bind>
<opcode="sub(10) " fcode="sub"/>
<opset="AddRes/2 "/>
</bind>
</comp>

<comp id="186" class="1004" name="trunc_ln43_fu_186">
<pin_list>
<pin id="187" dir="0" index="0" bw="12" slack="0"/>
<pin id="188" dir="1" index="1" bw="11" slack="0"/>
</pin_list>
<bind>
<opcode="trunc(33) " fcode="trunc"/>
<opset="trunc_ln43/2 "/>
</bind>
</comp>

<comp id="190" class="1004" name="tmp_1_fu_190">
<pin_list>
<pin id="191" dir="0" index="0" bw="1" slack="0"/>
<pin id="192" dir="0" index="1" bw="12" slack="0"/>
<pin id="193" dir="0" index="2" bw="5" slack="0"/>
<pin id="194" dir="1" index="3" bw="1" slack="0"/>
</pin_list>
<bind>
<opcode="bitselect(1000) " fcode="bitselect"/>
<opset="tmp_1/2 "/>
</bind>
</comp>

<comp id="198" class="1004" name="AddRes_2_fu_198">
<pin_list>
<pin id="199" dir="0" index="0" bw="1" slack="0"/>
<pin id="200" dir="0" index="1" bw="1" slack="0"/>
<pin id="201" dir="0" index="2" bw="11" slack="0"/>
<pin id="202" dir="1" index="3" bw="11" slack="0"/>
</pin_list>
<bind>
<opcode="select(49) " fcode="select"/>
<opset="AddRes_2/2 "/>
</bind>
</comp>

<comp id="206" class="1004" name="tmp_2_fu_206">
<pin_list>
<pin id="207" dir="0" index="0" bw="3" slack="0"/>
<pin id="208" dir="0" index="1" bw="11" slack="0"/>
<pin id="209" dir="0" index="2" bw="5" slack="0"/>
<pin id="210" dir="0" index="3" bw="5" slack="0"/>
<pin id="211" dir="1" index="4" bw="3" slack="1"/>
</pin_list>
<bind>
<opcode="partselect(1002) " fcode="partselect"/>
<opset="tmp_2/2 "/>
</bind>
</comp>

<comp id="216" class="1004" name="trunc_ln58_fu_216">
<pin_list>
<pin id="217" dir="0" index="0" bw="11" slack="0"/>
<pin id="218" dir="1" index="1" bw="8" slack="1"/>
</pin_list>
<bind>
<opcode="trunc(33) " fcode="trunc"/>
<opset="trunc_ln58/2 "/>
</bind>
</comp>

<comp id="220" class="1004" name="store_ln26_store_fu_220">
<pin_list>
<pin id="221" dir="0" index="0" bw="8" slack="0"/>
<pin id="222" dir="0" index="1" bw="8" slack="0"/>
<pin id="223" dir="1" index="2" bw="0" slack="2147483647"/>
</pin_list>
<bind>
<opcode="store(28) " fcode="store"/>
<opset="store_ln26/3 "/>
</bind>
</comp>

<comp id="226" class="1004" name="store_ln28_store_fu_226">
<pin_list>
<pin id="227" dir="0" index="0" bw="8" slack="0"/>
<pin id="228" dir="0" index="1" bw="8" slack="0"/>
<pin id="229" dir="1" index="2" bw="0" slack="2147483647"/>
</pin_list>
<bind>
<opcode="store(28) " fcode="store"/>
<opset="store_ln28/3 "/>
</bind>
</comp>

<comp id="232" class="1004" name="icmp_ln55_fu_232">
<pin_list>
<pin id="233" dir="0" index="0" bw="3" slack="1"/>
<pin id="234" dir="0" index="1" bw="1" slack="0"/>
<pin id="235" dir="1" index="2" bw="1" slack="0"/>
</pin_list>
<bind>
<opcode="icmp(45) " fcode="icmp"/>
<opset="icmp_ln55/3 "/>
</bind>
</comp>

<comp id="237" class="1004" name="select_ln58_fu_237">
<pin_list>
<pin id="238" dir="0" index="0" bw="1" slack="0"/>
<pin id="239" dir="0" index="1" bw="1" slack="0"/>
<pin id="240" dir="0" index="2" bw="8" slack="1"/>
<pin id="241" dir="1" index="3" bw="8" slack="2147483647"/>
</pin_list>
<bind>
<opcode="select(49) " fcode="select"/>
<opset="select_ln58/3 "/>
</bind>
</comp>

<comp id="244" class="1005" name="data_in_1_read_reg_244">
<pin_list>
<pin id="245" dir="0" index="0" bw="8" slack="1"/>
<pin id="246" dir="1" index="1" bw="8" slack="1"/>
</pin_list>
<bind>
<opset="data_in_1_read "/>
</bind>
</comp>

<comp id="249" class="1005" name="add_ln49_reg_249">
<pin_list>
<pin id="250" dir="0" index="0" bw="9" slack="1"/>
<pin id="251" dir="1" index="1" bw="9" slack="1"/>
</pin_list>
<bind>
<opset="add_ln49 "/>
</bind>
</comp>

<comp id="254" class="1005" name="tmp_2_reg_254">
<pin_list>
<pin id="255" dir="0" index="0" bw="3" slack="1"/>
<pin id="256" dir="1" index="1" bw="3" slack="1"/>
</pin_list>
<bind>
<opset="tmp_2 "/>
</bind>
</comp>

<comp id="259" class="1005" name="trunc_ln58_reg_259">
<pin_list>
<pin id="260" dir="0" index="0" bw="8" slack="1"/>
<pin id="261" dir="1" index="1" bw="8" slack="1"/>
</pin_list>
<bind>
<opset="trunc_ln58 "/>
</bind>
</comp>

</comp_list>

<net_list>
<net id="72"><net_src comp="14" pin="0"/><net_sink comp="68" pin=0"/></net>

<net id="73"><net_src comp="2" pin="0"/><net_sink comp="68" pin=1"/></net>

<net id="78"><net_src comp="14" pin="0"/><net_sink comp="74" pin=0"/></net>

<net id="79"><net_src comp="4" pin="0"/><net_sink comp="74" pin=1"/></net>

<net id="84"><net_src comp="14" pin="0"/><net_sink comp="80" pin=0"/></net>

<net id="85"><net_src comp="0" pin="0"/><net_sink comp="80" pin=1"/></net>

<net id="89"><net_src comp="8" pin="0"/><net_sink comp="86" pin=0"/></net>

<net id="93"><net_src comp="68" pin="2"/><net_sink comp="90" pin=0"/></net>

<net id="97"><net_src comp="86" pin="1"/><net_sink comp="94" pin=0"/></net>

<net id="102"><net_src comp="90" pin="1"/><net_sink comp="98" pin=0"/></net>

<net id="103"><net_src comp="94" pin="1"/><net_sink comp="98" pin=1"/></net>

<net id="107"><net_src comp="6" pin="0"/><net_sink comp="104" pin=0"/></net>

<net id="111"><net_src comp="10" pin="0"/><net_sink comp="108" pin=0"/></net>

<net id="115"><net_src comp="12" pin="0"/><net_sink comp="112" pin=0"/></net>

<net id="120"><net_src comp="108" pin="1"/><net_sink comp="116" pin=0"/></net>

<net id="121"><net_src comp="8" pin="0"/><net_sink comp="116" pin=1"/></net>

<net id="126"><net_src comp="10" pin="0"/><net_sink comp="122" pin=1"/></net>

<net id="130"><net_src comp="104" pin="1"/><net_sink comp="127" pin=0"/></net>

<net id="134"><net_src comp="108" pin="1"/><net_sink comp="131" pin=0"/></net>

<net id="138"><net_src comp="112" pin="1"/><net_sink comp="135" pin=0"/></net>

<net id="144"><net_src comp="16" pin="0"/><net_sink comp="139" pin=0"/></net>

<net id="145"><net_src comp="108" pin="1"/><net_sink comp="139" pin=1"/></net>

<net id="146"><net_src comp="18" pin="0"/><net_sink comp="139" pin=2"/></net>

<net id="150"><net_src comp="139" pin="3"/><net_sink comp="147" pin=0"/></net>

<net id="155"><net_src comp="147" pin="1"/><net_sink comp="151" pin=0"/></net>

<net id="156"><net_src comp="131" pin="1"/><net_sink comp="151" pin=1"/></net>

<net id="160"><net_src comp="151" pin="2"/><net_sink comp="157" pin=0"/></net>

<net id="168"><net_src comp="161" pin="1"/><net_sink comp="164" pin=0"/></net>

<net id="169"><net_src comp="127" pin="1"/><net_sink comp="164" pin=1"/></net>

<net id="173"><net_src comp="164" pin="2"/><net_sink comp="170" pin=0"/></net>

<net id="178"><net_src comp="157" pin="1"/><net_sink comp="174" pin=0"/></net>

<net id="179"><net_src comp="170" pin="1"/><net_sink comp="174" pin=1"/></net>

<net id="184"><net_src comp="174" pin="2"/><net_sink comp="180" pin=0"/></net>

<net id="185"><net_src comp="135" pin="1"/><net_sink comp="180" pin=1"/></net>

<net id="189"><net_src comp="180" pin="2"/><net_sink comp="186" pin=0"/></net>

<net id="195"><net_src comp="20" pin="0"/><net_sink comp="190" pin=0"/></net>

<net id="196"><net_src comp="180" pin="2"/><net_sink comp="190" pin=1"/></net>

<net id="197"><net_src comp="22" pin="0"/><net_sink comp="190" pin=2"/></net>

<net id="203"><net_src comp="190" pin="3"/><net_sink comp="198" pin=0"/></net>

<net id="204"><net_src comp="24" pin="0"/><net_sink comp="198" pin=1"/></net>

<net id="205"><net_src comp="186" pin="1"/><net_sink comp="198" pin=2"/></net>

<net id="212"><net_src comp="26" pin="0"/><net_sink comp="206" pin=0"/></net>

<net id="213"><net_src comp="198" pin="3"/><net_sink comp="206" pin=1"/></net>

<net id="214"><net_src comp="28" pin="0"/><net_sink comp="206" pin=2"/></net>

<net id="215"><net_src comp="30" pin="0"/><net_sink comp="206" pin=3"/></net>

<net id="219"><net_src comp="198" pin="3"/><net_sink comp="216" pin=0"/></net>

<net id="224"><net_src comp="80" pin="2"/><net_sink comp="220" pin=0"/></net>

<net id="225"><net_src comp="6" pin="0"/><net_sink comp="220" pin=1"/></net>

<net id="230"><net_src comp="74" pin="2"/><net_sink comp="226" pin=0"/></net>

<net id="231"><net_src comp="12" pin="0"/><net_sink comp="226" pin=1"/></net>

<net id="236"><net_src comp="64" pin="0"/><net_sink comp="232" pin=1"/></net>

<net id="242"><net_src comp="232" pin="2"/><net_sink comp="237" pin=0"/></net>

<net id="243"><net_src comp="66" pin="0"/><net_sink comp="237" pin=1"/></net>

<net id="247"><net_src comp="68" pin="2"/><net_sink comp="244" pin=0"/></net>

<net id="248"><net_src comp="244" pin="1"/><net_sink comp="122" pin=0"/></net>

<net id="252"><net_src comp="98" pin="2"/><net_sink comp="249" pin=0"/></net>

<net id="253"><net_src comp="249" pin="1"/><net_sink comp="161" pin=0"/></net>

<net id="257"><net_src comp="206" pin="4"/><net_sink comp="254" pin=0"/></net>

<net id="258"><net_src comp="254" pin="1"/><net_sink comp="232" pin=0"/></net>

<net id="262"><net_src comp="216" pin="1"/><net_sink comp="259" pin=0"/></net>

<net id="263"><net_src comp="259" pin="1"/><net_sink comp="237" pin=2"/></net>

</net_list>

</model> 
---------------- Datapath Model END ------------------

* FSMD analyzer results:
  - Output states:
	Port: p_ZZ19ImgSharpeningFilter7ap_uintILi8EES0_S0_E13data_in_array_0_0 | {3 }
	Port: p_ZZ19ImgSharpeningFilter7ap_uintILi8EES0_S0_E13data_in_array_1_1 | {2 }
	Port: p_ZZ19ImgSharpeningFilter7ap_uintILi8EES0_S0_E13data_in_array_1_0 | {2 }
	Port: p_ZZ19ImgSharpeningFilter7ap_uintILi8EES0_S0_E13data_in_array_2_0 | {3 }
 - Input state : 
	Port: ImgSharpeningFilter : data_in_0 | {3 }
	Port: ImgSharpeningFilter : data_in_1 | {1 }
	Port: ImgSharpeningFilter : data_in_2 | {3 }
	Port: ImgSharpeningFilter : p_ZZ19ImgSharpeningFilter7ap_uintILi8EES0_S0_E13data_in_array_0_0 | {2 }
	Port: ImgSharpeningFilter : p_ZZ19ImgSharpeningFilter7ap_uintILi8EES0_S0_E13data_in_array_1_1 | {1 }
	Port: ImgSharpeningFilter : p_ZZ19ImgSharpeningFilter7ap_uintILi8EES0_S0_E13data_in_array_1_0 | {2 }
	Port: ImgSharpeningFilter : p_ZZ19ImgSharpeningFilter7ap_uintILi8EES0_S0_E13data_in_array_2_0 | {2 }
  - Chain level:
	State 1
		zext_ln38_3 : 1
		add_ln49 : 2
	State 2
		store_ln21 : 1
		zext_ln38 : 1
		zext_ln38_2 : 1
		zext_ln49 : 1
		tmp : 1
		zext_ln49_3 : 2
		add_ln49_2 : 3
		zext_ln43 : 4
		add_ln49_1 : 2
		zext_ln49_2 : 3
		AddRes_3 : 5
		AddRes : 6
		trunc_ln43 : 7
		tmp_1 : 7
		AddRes_2 : 8
		tmp_2 : 9
		trunc_ln58 : 9
	State 3
		select_ln58 : 1
		ret_ln59 : 2


============================================================
+ Verbose Summary: Datapath Resource usage 
============================================================

* Functional unit list:
|----------|---------------------------|---------|---------|
| Operation|      Functional Unit      |    FF   |   LUT   |
|----------|---------------------------|---------|---------|
|          |       add_ln49_fu_98      |    0    |    15   |
|    add   |     add_ln49_2_fu_151     |    0    |    13   |
|          |     add_ln49_1_fu_164     |    0    |    14   |
|----------|---------------------------|---------|---------|
|    sub   |      AddRes_3_fu_174      |    0    |    11   |
|          |       AddRes_fu_180       |    0    |    12   |
|----------|---------------------------|---------|---------|
|  select  |      AddRes_2_fu_198      |    0    |    11   |
|          |     select_ln58_fu_237    |    0    |    8    |
|----------|---------------------------|---------|---------|
|   icmp   |      icmp_ln55_fu_232     |    0    |    11   |
|----------|---------------------------|---------|---------|
|          | data_in_1_read_read_fu_68 |    0    |    0    |
|   read   | data_in_2_read_read_fu_74 |    0    |    0    |
|          | data_in_0_read_read_fu_80 |    0    |    0    |
|----------|---------------------------|---------|---------|
|          |     zext_ln38_1_fu_90     |    0    |    0    |
|          |     zext_ln38_3_fu_94     |    0    |    0    |
|          |      zext_ln38_fu_127     |    0    |    0    |
|          |     zext_ln38_2_fu_131    |    0    |    0    |
|   zext   |      zext_ln49_fu_135     |    0    |    0    |
|          |     zext_ln49_3_fu_147    |    0    |    0    |
|          |      zext_ln43_fu_157     |    0    |    0    |
|          |     zext_ln49_1_fu_161    |    0    |    0    |
|          |     zext_ln49_2_fu_170    |    0    |    0    |
|----------|---------------------------|---------|---------|
|bitconcatenate|         tmp_fu_139        |    0    |    0    |
|----------|---------------------------|---------|---------|
|   trunc  |     trunc_ln43_fu_186     |    0    |    0    |
|          |     trunc_ln58_fu_216     |    0    |    0    |
|----------|---------------------------|---------|---------|
| bitselect|        tmp_1_fu_190       |    0    |    0    |
|----------|---------------------------|---------|---------|
|partselect|        tmp_2_fu_206       |    0    |    0    |
|----------|---------------------------|---------|---------|
|   Total  |                           |    0    |    95   |
|----------|---------------------------|---------|---------|

Memories:
N/A

* Register list:
+----------------------+--------+
|                      |   FF   |
+----------------------+--------+
|   add_ln49_reg_249   |    9   |
|data_in_1_read_reg_244|    8   |
|     tmp_2_reg_254    |    3   |
|  trunc_ln58_reg_259  |    8   |
+----------------------+--------+
|         Total        |   28   |
+----------------------+--------+

* Multiplexer (MUX) list: 
|--------|------|------|------|--------|
|  Comp  |  Pin | Size |  BW  | S x BW |
|--------|------|------|------|--------|
|  Total |      |      |      |    0   |
|--------|------|------|------|--------|



* Summary:
+-----------+--------+--------+
|           |   FF   |   LUT  |
+-----------+--------+--------+
|  Function |    0   |   95   |
|   Memory  |    -   |    -   |
|Multiplexer|    -   |    -   |
|  Register |   28   |    -   |
+-----------+--------+--------+
|   Total   |   28   |   95   |
+-----------+--------+--------+
