================================================================
== Vivado Place & Route Results
================================================================
+ General Information:
    * Date:            Sun Jan 11 14:57:09 CET 2026
    * Version:         2025.1 (Build 6135595 on May 21 2025)
    * Project:         GaussianFilter
    * Solution:        hls (Vitis Kernel Flow Target)
    * Product family:  zynq
    * Target device:   xc7z007s-clg400-1


================================================================
== Run Constraints & Options
================================================================
+ Design Constraints & Options:
    * Place & Route target clock:  8 ns
    * C-Synthesis target clock:    8 ns
    * C-Synthesis uncertainty:     12%

+ RTL Synthesis Options:
    * config_export -vivado_synth_strategy:     default
    * config_export -vivado_synth_design_args:  -directive sdx_optimization_effort_high

+ Place & Route Options:
    * config_export -vivado_impl_strategy:  default
    * config_export -vivado_phys_opt:       auto

+ Reporting Options:
    * config_export -vivado_report_level:      2
    * config_export -vivado_max_timing_paths:  10


================================================================
== Place & Route Resource Summary
================================================================
LUT:              268
FF:               362
DSP:              17
BRAM:             0
URAM:             0
SRL:              4


================================================================
== Place & Route Timing Summary
================================================================
* Timing was met
+----------------+-------------+
| Timing         | Period (ns) |
+----------------+-------------+
| Target         | 8.000       |
| Post-Synthesis | 5.166       |
| Post-Route     | 6.011       |
+----------------+-------------+


================================================================
== Place & Route Resources
================================================================
+--------------------------------------+-----+-----+-----+------+------+-----+--------+------+---------+----------+--------+
| Name                                 | LUT | FF  | DSP | BRAM | URAM | SRL | Pragma | Impl | Latency | Variable | Source |
+--------------------------------------+-----+-----+-----+------+------+-----+--------+------+---------+----------+--------+
| U0                                   | 268 | 362 | 17  |      |      |     |        |      |         |          |        |
|   (U0)                               | 5   | 251 |     |      |      |     |        |      |         |          |        |
|   CTRL_s_axi_U                       | 122 | 103 |     |      |      |     |        |      |         |          |        |
|   mac_muladd_8ns_8ns_16ns_17_4_1_U10 |     |     |     |      |      |     |        |      |         |          |        |
|   mac_muladd_8ns_8ns_16ns_17_4_1_U12 |     |     |     |      |      |     |        |      |         |          |        |
|   mac_muladd_8ns_8ns_16ns_17_4_1_U13 |     |     |     |      |      |     |        |      |         |          |        |
|   mac_muladd_8ns_8ns_16ns_17_4_1_U16 |     |     |     |      |      |     |        |      |         |          |        |
|   mac_muladd_8ns_8ns_16ns_17_4_1_U17 |     |     |     |      |      |     |        |      |         |          |        |
|   mac_muladd_8ns_8ns_16ns_17_4_1_U6  |     |     |     |      |      |     |        |      |         |          |        |
|   mac_muladd_8ns_8ns_16ns_17_4_1_U7  |     |     |     |      |      |     |        |      |         |          |        |
|   mac_muladd_8ns_8ns_16ns_17_4_1_U8  |     |     |     |      |      |     |        |      |         |          |        |
|   mac_muladd_8ns_8ns_16ns_17_4_1_U9  |     |     |     |      |      |     |        |      |         |          |        |
|   mac_muladd_8ns_8ns_17ns_17_4_1_U11 |     |     |     |      |      |     |        |      |         |          |        |
|   mac_muladd_8ns_8ns_17ns_17_4_1_U14 |     |     |     |      |      |     |        |      |         |          |        |
|   mac_muladd_8ns_8ns_17ns_17_4_1_U15 |     |     |     |      |      |     |        |      |         |          |        |
+--------------------------------------+-----+-----+-----+------+------+-----+--------+------+---------+----------+--------+


================================================================
== Place & Route Fail Fast
================================================================
+-----------------------------------------------------------+-----------+--------+--------+
| Criteria                                                  | Guideline | Actual | Status |
+-----------------------------------------------------------+-----------+--------+--------+
| LUT                                                       | 70%       | 1.86%  | OK     |
| FD                                                        | 50%       | 1.26%  | OK     |
| LUTRAM+SRL                                                | 25%       | 0.07%  | OK     |
| MUXF7                                                     | 15%       | 0.09%  | OK     |
| DSP                                                       | 80%       | 25.76% | OK     |
| RAMB/FIFO                                                 | 80%       | 0.00%  | OK     |
| DSP+RAMB+URAM (Avg)                                       | 70%       | 25.76% | OK     |
| BUFGCE* + BUFGCTRL                                        | 24        | 0      | OK     |
| DONT_TOUCH (cells/nets)                                   | 0         | 0      | OK     |
| MARK_DEBUG (nets)                                         | 0         | 0      | OK     |
| Control Sets                                              | 270       | 16     | OK     |
| Average Fanout for modules > 100k cells                   | 4         | 1.81   | OK     |
| Max Average Fanout for modules > 100k cells               | 4         | 0      | OK     |
| Non-FD high fanout nets > 10k loads                       | 0         | 0      | OK     |
+-----------------------------------------------------------+-----------+--------+--------+
| TIMING-6 (No common primary clock between related clocks) | 0         | 0      | OK     |
| TIMING-7 (No common node between related clocks)          | 0         | 0      | OK     |
| TIMING-8 (No common period between related clocks)        | 0         | 0      | OK     |
| TIMING-14 (LUT on the clock tree)                         | 0         | 0      | OK     |
| TIMING-35 (No common node in paths with the same clock)   | 0         | 0      | OK     |
+-----------------------------------------------------------+-----------+--------+--------+
| Number of paths above max LUT budgeting (0.575ns)         | 0         | 0      | OK     |
| Number of paths above max Net budgeting (0.403ns)         | 0         | 0      | OK     |
+-----------------------------------------------------------+-----------+--------+--------+


================================================================
== Place & Route Timing Paths
================================================================
* Timing was met
+-------+-------+------------------------------------------------------------------------------------------+-------------------------------+--------------+------------+----------------+----------------+--------------+
| Path  | SLACK | STARTPOINT PIN                                                                           | ENDPOINT PIN                  | LOGIC LEVELS | MAX FANOUT | DATAPATH DELAY | DATAPATH LOGIC | DATAPATH NET |
|       |       |                                                                                          |                               |              |            |                |          DELAY |        DELAY |
+-------+-------+------------------------------------------------------------------------------------------+-------------------------------+--------------+------------+----------------+----------------+--------------+
| Path1 | 1.989 | p_ZZ14GaussianFilter7ap_uintILi8EES0_S0_S0_S0_E13data_in_array_0_2_load_reg_963_reg[5]/C | add_ln93_9_reg_1121_reg[16]/D |            7 |          5 |          5.989 |          2.780 |        3.209 |
| Path2 | 2.039 | p_ZZ14GaussianFilter7ap_uintILi8EES0_S0_S0_S0_E13data_in_array_0_2_load_reg_963_reg[5]/C | add_ln93_9_reg_1121_reg[17]/D |            7 |          5 |          5.923 |          2.714 |        3.209 |
| Path3 | 2.116 | data_in_3_read_reg_1059_reg[3]/C                                                         | add_ln93_4_reg_1116_reg[16]/D |            7 |          6 |          5.909 |          2.873 |        3.036 |
| Path4 | 2.122 | p_ZZ14GaussianFilter7ap_uintILi8EES0_S0_S0_S0_E13data_in_array_0_2_load_reg_963_reg[5]/C | add_ln93_9_reg_1121_reg[15]/D |            6 |          5 |          5.856 |          2.647 |        3.209 |
| Path5 | 2.163 | data_in_3_read_reg_1059_reg[3]/C                                                         | add_ln93_4_reg_1116_reg[17]/D |            7 |          6 |          5.847 |          2.811 |        3.036 |
+-------+-------+------------------------------------------------------------------------------------------+-------------------------------+--------------+------------+----------------+----------------+--------------+

    +----------------------------------------------------------------------------------------------------------------------------+----------------------+
    | Path1 Cells                                                                                                                | Primitive Type       |
    +----------------------------------------------------------------------------------------------------------------------------+----------------------+
    | p_ZZ14GaussianFilter7ap_uintILi8EES0_S0_S0_S0_E13data_in_array_0_2_load_reg_963_reg[5]                                     | FLOP_LATCH.flop.FDRE |
    | mac_muladd_8ns_8ns_16ns_17_4_1_U9/GaussianFilter_mac_muladd_8ns_8ns_16ns_17_4_1_DSP48_0_U/add_ln93_9_reg_1121[11]_i_16     | LUT.others.LUT3      |
    | mac_muladd_8ns_8ns_16ns_17_4_1_U9/GaussianFilter_mac_muladd_8ns_8ns_16ns_17_4_1_DSP48_0_U/add_ln93_9_reg_1121[11]_i_20     | LUT.others.LUT4      |
    | mac_muladd_8ns_8ns_16ns_17_4_1_U9/GaussianFilter_mac_muladd_8ns_8ns_16ns_17_4_1_DSP48_0_U/add_ln93_9_reg_1121_reg[11]_i_15 | CARRY.others.CARRY4  |
    | mac_muladd_8ns_8ns_16ns_17_4_1_U9/GaussianFilter_mac_muladd_8ns_8ns_16ns_17_4_1_DSP48_0_U/add_ln93_9_reg_1121_reg[15]_i_14 | CARRY.others.CARRY4  |
    | mac_muladd_8ns_8ns_16ns_17_4_1_U12/GaussianFilter_mac_muladd_8ns_8ns_16ns_17_4_1_DSP48_0_U/add_ln93_9_reg_1121[15]_i_5     | LUT.others.LUT2      |
    | mac_muladd_8ns_8ns_16ns_17_4_1_U12/GaussianFilter_mac_muladd_8ns_8ns_16ns_17_4_1_DSP48_0_U/add_ln93_9_reg_1121_reg[15]_i_1 | CARRY.others.CARRY4  |
    | mac_muladd_8ns_8ns_16ns_17_4_1_U12/GaussianFilter_mac_muladd_8ns_8ns_16ns_17_4_1_DSP48_0_U/add_ln93_9_reg_1121_reg[17]_i_1 | CARRY.others.CARRY4  |
    | add_ln93_9_reg_1121_reg[16]                                                                                                | FLOP_LATCH.flop.FDRE |
    | p_ZZ14GaussianFilter7ap_uintILi8EES0_S0_S0_S0_E13data_in_array_0_2_load_reg_963_reg[5]                                     | FLOP_LATCH.flop.FDRE |
    | mac_muladd_8ns_8ns_16ns_17_4_1_U9/GaussianFilter_mac_muladd_8ns_8ns_16ns_17_4_1_DSP48_0_U/add_ln93_9_reg_1121[11]_i_16     | LUT.others.LUT3      |
    | mac_muladd_8ns_8ns_16ns_17_4_1_U9/GaussianFilter_mac_muladd_8ns_8ns_16ns_17_4_1_DSP48_0_U/add_ln93_9_reg_1121[11]_i_20     | LUT.others.LUT4      |
    | mac_muladd_8ns_8ns_16ns_17_4_1_U9/GaussianFilter_mac_muladd_8ns_8ns_16ns_17_4_1_DSP48_0_U/add_ln93_9_reg_1121_reg[11]_i_15 | CARRY.others.CARRY4  |
    | mac_muladd_8ns_8ns_16ns_17_4_1_U9/GaussianFilter_mac_muladd_8ns_8ns_16ns_17_4_1_DSP48_0_U/add_ln93_9_reg_1121_reg[15]_i_14 | CARRY.others.CARRY4  |
    | mac_muladd_8ns_8ns_16ns_17_4_1_U12/GaussianFilter_mac_muladd_8ns_8ns_16ns_17_4_1_DSP48_0_U/add_ln93_9_reg_1121[15]_i_5     | LUT.others.LUT2      |
    | mac_muladd_8ns_8ns_16ns_17_4_1_U12/GaussianFilter_mac_muladd_8ns_8ns_16ns_17_4_1_DSP48_0_U/add_ln93_9_reg_1121_reg[15]_i_1 | CARRY.others.CARRY4  |
    | mac_muladd_8ns_8ns_16ns_17_4_1_U12/GaussianFilter_mac_muladd_8ns_8ns_16ns_17_4_1_DSP48_0_U/add_ln93_9_reg_1121_reg[17]_i_1 | CARRY.others.CARRY4  |
    | add_ln93_9_reg_1121_reg[17]                                                                                                | FLOP_LATCH.flop.FDRE |
    | data_in_3_read_reg_1059_reg[3]                                                                                             | FLOP_LATCH.flop.FDRE |
    | mac_muladd_8ns_8ns_16ns_17_4_1_U10/GaussianFilter_mac_muladd_8ns_8ns_16ns_17_4_1_DSP48_0_U/add_ln93_4_reg_1116[11]_i_9     | LUT.others.LUT3      |
    | mac_muladd_8ns_8ns_16ns_17_4_1_U10/GaussianFilter_mac_muladd_8ns_8ns_16ns_17_4_1_DSP48_0_U/add_ln93_4_reg_1116[11]_i_13    | LUT.others.LUT4      |
    | mac_muladd_8ns_8ns_16ns_17_4_1_U10/GaussianFilter_mac_muladd_8ns_8ns_16ns_17_4_1_DSP48_0_U/add_ln93_4_reg_1116_reg[11]_i_2 | CARRY.others.CARRY4  |
    | mac_muladd_8ns_8ns_16ns_17_4_1_U10/GaussianFilter_mac_muladd_8ns_8ns_16ns_17_4_1_DSP48_0_U/add_ln93_4_reg_1116_reg[15]_i_2 | CARRY.others.CARRY4  |
    | mac_muladd_8ns_8ns_16ns_17_4_1_U10/GaussianFilter_mac_muladd_8ns_8ns_16ns_17_4_1_DSP48_0_U/add_ln93_4_reg_1116[15]_i_5     | LUT.others.LUT2      |
    | mac_muladd_8ns_8ns_16ns_17_4_1_U10/GaussianFilter_mac_muladd_8ns_8ns_16ns_17_4_1_DSP48_0_U/add_ln93_4_reg_1116_reg[15]_i_1 | CARRY.others.CARRY4  |
    | mac_muladd_8ns_8ns_16ns_17_4_1_U10/GaussianFilter_mac_muladd_8ns_8ns_16ns_17_4_1_DSP48_0_U/add_ln93_4_reg_1116_reg[17]_i_1 | CARRY.others.CARRY4  |
    | add_ln93_4_reg_1116_reg[16]                                                                                                | FLOP_LATCH.flop.FDRE |
    | p_ZZ14GaussianFilter7ap_uintILi8EES0_S0_S0_S0_E13data_in_array_0_2_load_reg_963_reg[5]                                     | FLOP_LATCH.flop.FDRE |
    | mac_muladd_8ns_8ns_16ns_17_4_1_U9/GaussianFilter_mac_muladd_8ns_8ns_16ns_17_4_1_DSP48_0_U/add_ln93_9_reg_1121[11]_i_16     | LUT.others.LUT3      |
    | mac_muladd_8ns_8ns_16ns_17_4_1_U9/GaussianFilter_mac_muladd_8ns_8ns_16ns_17_4_1_DSP48_0_U/add_ln93_9_reg_1121[11]_i_20     | LUT.others.LUT4      |
    | mac_muladd_8ns_8ns_16ns_17_4_1_U9/GaussianFilter_mac_muladd_8ns_8ns_16ns_17_4_1_DSP48_0_U/add_ln93_9_reg_1121_reg[11]_i_15 | CARRY.others.CARRY4  |
    | mac_muladd_8ns_8ns_16ns_17_4_1_U9/GaussianFilter_mac_muladd_8ns_8ns_16ns_17_4_1_DSP48_0_U/add_ln93_9_reg_1121_reg[15]_i_14 | CARRY.others.CARRY4  |
    | mac_muladd_8ns_8ns_16ns_17_4_1_U12/GaussianFilter_mac_muladd_8ns_8ns_16ns_17_4_1_DSP48_0_U/add_ln93_9_reg_1121[15]_i_5     | LUT.others.LUT2      |
    | mac_muladd_8ns_8ns_16ns_17_4_1_U12/GaussianFilter_mac_muladd_8ns_8ns_16ns_17_4_1_DSP48_0_U/add_ln93_9_reg_1121_reg[15]_i_1 | CARRY.others.CARRY4  |
    | add_ln93_9_reg_1121_reg[15]                                                                                                | FLOP_LATCH.flop.FDRE |
    | data_in_3_read_reg_1059_reg[3]                                                                                             | FLOP_LATCH.flop.FDRE |
    | mac_muladd_8ns_8ns_16ns_17_4_1_U10/GaussianFilter_mac_muladd_8ns_8ns_16ns_17_4_1_DSP48_0_U/add_ln93_4_reg_1116[11]_i_9     | LUT.others.LUT3      |
    | mac_muladd_8ns_8ns_16ns_17_4_1_U10/GaussianFilter_mac_muladd_8ns_8ns_16ns_17_4_1_DSP48_0_U/add_ln93_4_reg_1116[11]_i_13    | LUT.others.LUT4      |
    | mac_muladd_8ns_8ns_16ns_17_4_1_U10/GaussianFilter_mac_muladd_8ns_8ns_16ns_17_4_1_DSP48_0_U/add_ln93_4_reg_1116_reg[11]_i_2 | CARRY.others.CARRY4  |
    | mac_muladd_8ns_8ns_16ns_17_4_1_U10/GaussianFilter_mac_muladd_8ns_8ns_16ns_17_4_1_DSP48_0_U/add_ln93_4_reg_1116_reg[15]_i_2 | CARRY.others.CARRY4  |
    | mac_muladd_8ns_8ns_16ns_17_4_1_U10/GaussianFilter_mac_muladd_8ns_8ns_16ns_17_4_1_DSP48_0_U/add_ln93_4_reg_1116[15]_i_5     | LUT.others.LUT2      |
    | mac_muladd_8ns_8ns_16ns_17_4_1_U10/GaussianFilter_mac_muladd_8ns_8ns_16ns_17_4_1_DSP48_0_U/add_ln93_4_reg_1116_reg[15]_i_1 | CARRY.others.CARRY4  |
    | mac_muladd_8ns_8ns_16ns_17_4_1_U10/GaussianFilter_mac_muladd_8ns_8ns_16ns_17_4_1_DSP48_0_U/add_ln93_4_reg_1116_reg[17]_i_1 | CARRY.others.CARRY4  |
    | add_ln93_4_reg_1116_reg[17]                                                                                                | FLOP_LATCH.flop.FDRE |
    +----------------------------------------------------------------------------------------------------------------------------+----------------------+

    +----------------------------------------------------------------------------------------------------------------------------+----------------------+
    | Path2 Cells                                                                                                                | Primitive Type       |
    +----------------------------------------------------------------------------------------------------------------------------+----------------------+
    | p_ZZ14GaussianFilter7ap_uintILi8EES0_S0_S0_S0_E13data_in_array_0_2_load_reg_963_reg[5]                                     | FLOP_LATCH.flop.FDRE |
    | mac_muladd_8ns_8ns_16ns_17_4_1_U9/GaussianFilter_mac_muladd_8ns_8ns_16ns_17_4_1_DSP48_0_U/add_ln93_9_reg_1121[11]_i_16     | LUT.others.LUT3      |
    | mac_muladd_8ns_8ns_16ns_17_4_1_U9/GaussianFilter_mac_muladd_8ns_8ns_16ns_17_4_1_DSP48_0_U/add_ln93_9_reg_1121[11]_i_20     | LUT.others.LUT4      |
    | mac_muladd_8ns_8ns_16ns_17_4_1_U9/GaussianFilter_mac_muladd_8ns_8ns_16ns_17_4_1_DSP48_0_U/add_ln93_9_reg_1121_reg[11]_i_15 | CARRY.others.CARRY4  |
    | mac_muladd_8ns_8ns_16ns_17_4_1_U9/GaussianFilter_mac_muladd_8ns_8ns_16ns_17_4_1_DSP48_0_U/add_ln93_9_reg_1121_reg[15]_i_14 | CARRY.others.CARRY4  |
    | mac_muladd_8ns_8ns_16ns_17_4_1_U12/GaussianFilter_mac_muladd_8ns_8ns_16ns_17_4_1_DSP48_0_U/add_ln93_9_reg_1121[15]_i_5     | LUT.others.LUT2      |
    | mac_muladd_8ns_8ns_16ns_17_4_1_U12/GaussianFilter_mac_muladd_8ns_8ns_16ns_17_4_1_DSP48_0_U/add_ln93_9_reg_1121_reg[15]_i_1 | CARRY.others.CARRY4  |
    | mac_muladd_8ns_8ns_16ns_17_4_1_U12/GaussianFilter_mac_muladd_8ns_8ns_16ns_17_4_1_DSP48_0_U/add_ln93_9_reg_1121_reg[17]_i_1 | CARRY.others.CARRY4  |
    | add_ln93_9_reg_1121_reg[16]                                                                                                | FLOP_LATCH.flop.FDRE |
    | p_ZZ14GaussianFilter7ap_uintILi8EES0_S0_S0_S0_E13data_in_array_0_2_load_reg_963_reg[5]                                     | FLOP_LATCH.flop.FDRE |
    | mac_muladd_8ns_8ns_16ns_17_4_1_U9/GaussianFilter_mac_muladd_8ns_8ns_16ns_17_4_1_DSP48_0_U/add_ln93_9_reg_1121[11]_i_16     | LUT.others.LUT3      |
    | mac_muladd_8ns_8ns_16ns_17_4_1_U9/GaussianFilter_mac_muladd_8ns_8ns_16ns_17_4_1_DSP48_0_U/add_ln93_9_reg_1121[11]_i_20     | LUT.others.LUT4      |
    | mac_muladd_8ns_8ns_16ns_17_4_1_U9/GaussianFilter_mac_muladd_8ns_8ns_16ns_17_4_1_DSP48_0_U/add_ln93_9_reg_1121_reg[11]_i_15 | CARRY.others.CARRY4  |
    | mac_muladd_8ns_8ns_16ns_17_4_1_U9/GaussianFilter_mac_muladd_8ns_8ns_16ns_17_4_1_DSP48_0_U/add_ln93_9_reg_1121_reg[15]_i_14 | CARRY.others.CARRY4  |
    | mac_muladd_8ns_8ns_16ns_17_4_1_U12/GaussianFilter_mac_muladd_8ns_8ns_16ns_17_4_1_DSP48_0_U/add_ln93_9_reg_1121[15]_i_5     | LUT.others.LUT2      |
    | mac_muladd_8ns_8ns_16ns_17_4_1_U12/GaussianFilter_mac_muladd_8ns_8ns_16ns_17_4_1_DSP48_0_U/add_ln93_9_reg_1121_reg[15]_i_1 | CARRY.others.CARRY4  |
    | mac_muladd_8ns_8ns_16ns_17_4_1_U12/GaussianFilter_mac_muladd_8ns_8ns_16ns_17_4_1_DSP48_0_U/add_ln93_9_reg_1121_reg[17]_i_1 | CARRY.others.CARRY4  |
    | add_ln93_9_reg_1121_reg[17]                                                                                                | FLOP_LATCH.flop.FDRE |
    | data_in_3_read_reg_1059_reg[3]                                                                                             | FLOP_LATCH.flop.FDRE |
    | mac_muladd_8ns_8ns_16ns_17_4_1_U10/GaussianFilter_mac_muladd_8ns_8ns_16ns_17_4_1_DSP48_0_U/add_ln93_4_reg_1116[11]_i_9     | LUT.others.LUT3      |
    | mac_muladd_8ns_8ns_16ns_17_4_1_U10/GaussianFilter_mac_muladd_8ns_8ns_16ns_17_4_1_DSP48_0_U/add_ln93_4_reg_1116[11]_i_13    | LUT.others.LUT4      |
    | mac_muladd_8ns_8ns_16ns_17_4_1_U10/GaussianFilter_mac_muladd_8ns_8ns_16ns_17_4_1_DSP48_0_U/add_ln93_4_reg_1116_reg[11]_i_2 | CARRY.others.CARRY4  |
    | mac_muladd_8ns_8ns_16ns_17_4_1_U10/GaussianFilter_mac_muladd_8ns_8ns_16ns_17_4_1_DSP48_0_U/add_ln93_4_reg_1116_reg[15]_i_2 | CARRY.others.CARRY4  |
    | mac_muladd_8ns_8ns_16ns_17_4_1_U10/GaussianFilter_mac_muladd_8ns_8ns_16ns_17_4_1_DSP48_0_U/add_ln93_4_reg_1116[15]_i_5     | LUT.others.LUT2      |
    | mac_muladd_8ns_8ns_16ns_17_4_1_U10/GaussianFilter_mac_muladd_8ns_8ns_16ns_17_4_1_DSP48_0_U/add_ln93_4_reg_1116_reg[15]_i_1 | CARRY.others.CARRY4  |
    | mac_muladd_8ns_8ns_16ns_17_4_1_U10/GaussianFilter_mac_muladd_8ns_8ns_16ns_17_4_1_DSP48_0_U/add_ln93_4_reg_1116_reg[17]_i_1 | CARRY.others.CARRY4  |
    | add_ln93_4_reg_1116_reg[16]                                                                                                | FLOP_LATCH.flop.FDRE |
    | p_ZZ14GaussianFilter7ap_uintILi8EES0_S0_S0_S0_E13data_in_array_0_2_load_reg_963_reg[5]                                     | FLOP_LATCH.flop.FDRE |
    | mac_muladd_8ns_8ns_16ns_17_4_1_U9/GaussianFilter_mac_muladd_8ns_8ns_16ns_17_4_1_DSP48_0_U/add_ln93_9_reg_1121[11]_i_16     | LUT.others.LUT3      |
    | mac_muladd_8ns_8ns_16ns_17_4_1_U9/GaussianFilter_mac_muladd_8ns_8ns_16ns_17_4_1_DSP48_0_U/add_ln93_9_reg_1121[11]_i_20     | LUT.others.LUT4      |
    | mac_muladd_8ns_8ns_16ns_17_4_1_U9/GaussianFilter_mac_muladd_8ns_8ns_16ns_17_4_1_DSP48_0_U/add_ln93_9_reg_1121_reg[11]_i_15 | CARRY.others.CARRY4  |
    | mac_muladd_8ns_8ns_16ns_17_4_1_U9/GaussianFilter_mac_muladd_8ns_8ns_16ns_17_4_1_DSP48_0_U/add_ln93_9_reg_1121_reg[15]_i_14 | CARRY.others.CARRY4  |
    | mac_muladd_8ns_8ns_16ns_17_4_1_U12/GaussianFilter_mac_muladd_8ns_8ns_16ns_17_4_1_DSP48_0_U/add_ln93_9_reg_1121[15]_i_5     | LUT.others.LUT2      |
    | mac_muladd_8ns_8ns_16ns_17_4_1_U12/GaussianFilter_mac_muladd_8ns_8ns_16ns_17_4_1_DSP48_0_U/add_ln93_9_reg_1121_reg[15]_i_1 | CARRY.others.CARRY4  |
    | add_ln93_9_reg_1121_reg[15]                                                                                                | FLOP_LATCH.flop.FDRE |
    | data_in_3_read_reg_1059_reg[3]                                                                                             | FLOP_LATCH.flop.FDRE |
    | mac_muladd_8ns_8ns_16ns_17_4_1_U10/GaussianFilter_mac_muladd_8ns_8ns_16ns_17_4_1_DSP48_0_U/add_ln93_4_reg_1116[11]_i_9     | LUT.others.LUT3      |
    | mac_muladd_8ns_8ns_16ns_17_4_1_U10/GaussianFilter_mac_muladd_8ns_8ns_16ns_17_4_1_DSP48_0_U/add_ln93_4_reg_1116[11]_i_13    | LUT.others.LUT4      |
    | mac_muladd_8ns_8ns_16ns_17_4_1_U10/GaussianFilter_mac_muladd_8ns_8ns_16ns_17_4_1_DSP48_0_U/add_ln93_4_reg_1116_reg[11]_i_2 | CARRY.others.CARRY4  |
    | mac_muladd_8ns_8ns_16ns_17_4_1_U10/GaussianFilter_mac_muladd_8ns_8ns_16ns_17_4_1_DSP48_0_U/add_ln93_4_reg_1116_reg[15]_i_2 | CARRY.others.CARRY4  |
    | mac_muladd_8ns_8ns_16ns_17_4_1_U10/GaussianFilter_mac_muladd_8ns_8ns_16ns_17_4_1_DSP48_0_U/add_ln93_4_reg_1116[15]_i_5     | LUT.others.LUT2      |
    | mac_muladd_8ns_8ns_16ns_17_4_1_U10/GaussianFilter_mac_muladd_8ns_8ns_16ns_17_4_1_DSP48_0_U/add_ln93_4_reg_1116_reg[15]_i_1 | CARRY.others.CARRY4  |
    | mac_muladd_8ns_8ns_16ns_17_4_1_U10/GaussianFilter_mac_muladd_8ns_8ns_16ns_17_4_1_DSP48_0_U/add_ln93_4_reg_1116_reg[17]_i_1 | CARRY.others.CARRY4  |
    | add_ln93_4_reg_1116_reg[17]                                                                                                | FLOP_LATCH.flop.FDRE |
    +----------------------------------------------------------------------------------------------------------------------------+----------------------+

    +----------------------------------------------------------------------------------------------------------------------------+----------------------+
    | Path3 Cells                                                                                                                | Primitive Type       |
    +----------------------------------------------------------------------------------------------------------------------------+----------------------+
    | p_ZZ14GaussianFilter7ap_uintILi8EES0_S0_S0_S0_E13data_in_array_0_2_load_reg_963_reg[5]                                     | FLOP_LATCH.flop.FDRE |
    | mac_muladd_8ns_8ns_16ns_17_4_1_U9/GaussianFilter_mac_muladd_8ns_8ns_16ns_17_4_1_DSP48_0_U/add_ln93_9_reg_1121[11]_i_16     | LUT.others.LUT3      |
    | mac_muladd_8ns_8ns_16ns_17_4_1_U9/GaussianFilter_mac_muladd_8ns_8ns_16ns_17_4_1_DSP48_0_U/add_ln93_9_reg_1121[11]_i_20     | LUT.others.LUT4      |
    | mac_muladd_8ns_8ns_16ns_17_4_1_U9/GaussianFilter_mac_muladd_8ns_8ns_16ns_17_4_1_DSP48_0_U/add_ln93_9_reg_1121_reg[11]_i_15 | CARRY.others.CARRY4  |
    | mac_muladd_8ns_8ns_16ns_17_4_1_U9/GaussianFilter_mac_muladd_8ns_8ns_16ns_17_4_1_DSP48_0_U/add_ln93_9_reg_1121_reg[15]_i_14 | CARRY.others.CARRY4  |
    | mac_muladd_8ns_8ns_16ns_17_4_1_U12/GaussianFilter_mac_muladd_8ns_8ns_16ns_17_4_1_DSP48_0_U/add_ln93_9_reg_1121[15]_i_5     | LUT.others.LUT2      |
    | mac_muladd_8ns_8ns_16ns_17_4_1_U12/GaussianFilter_mac_muladd_8ns_8ns_16ns_17_4_1_DSP48_0_U/add_ln93_9_reg_1121_reg[15]_i_1 | CARRY.others.CARRY4  |
    | mac_muladd_8ns_8ns_16ns_17_4_1_U12/GaussianFilter_mac_muladd_8ns_8ns_16ns_17_4_1_DSP48_0_U/add_ln93_9_reg_1121_reg[17]_i_1 | CARRY.others.CARRY4  |
    | add_ln93_9_reg_1121_reg[16]                                                                                                | FLOP_LATCH.flop.FDRE |
    | p_ZZ14GaussianFilter7ap_uintILi8EES0_S0_S0_S0_E13data_in_array_0_2_load_reg_963_reg[5]                                     | FLOP_LATCH.flop.FDRE |
    | mac_muladd_8ns_8ns_16ns_17_4_1_U9/GaussianFilter_mac_muladd_8ns_8ns_16ns_17_4_1_DSP48_0_U/add_ln93_9_reg_1121[11]_i_16     | LUT.others.LUT3      |
    | mac_muladd_8ns_8ns_16ns_17_4_1_U9/GaussianFilter_mac_muladd_8ns_8ns_16ns_17_4_1_DSP48_0_U/add_ln93_9_reg_1121[11]_i_20     | LUT.others.LUT4      |
    | mac_muladd_8ns_8ns_16ns_17_4_1_U9/GaussianFilter_mac_muladd_8ns_8ns_16ns_17_4_1_DSP48_0_U/add_ln93_9_reg_1121_reg[11]_i_15 | CARRY.others.CARRY4  |
    | mac_muladd_8ns_8ns_16ns_17_4_1_U9/GaussianFilter_mac_muladd_8ns_8ns_16ns_17_4_1_DSP48_0_U/add_ln93_9_reg_1121_reg[15]_i_14 | CARRY.others.CARRY4  |
    | mac_muladd_8ns_8ns_16ns_17_4_1_U12/GaussianFilter_mac_muladd_8ns_8ns_16ns_17_4_1_DSP48_0_U/add_ln93_9_reg_1121[15]_i_5     | LUT.others.LUT2      |
    | mac_muladd_8ns_8ns_16ns_17_4_1_U12/GaussianFilter_mac_muladd_8ns_8ns_16ns_17_4_1_DSP48_0_U/add_ln93_9_reg_1121_reg[15]_i_1 | CARRY.others.CARRY4  |
    | mac_muladd_8ns_8ns_16ns_17_4_1_U12/GaussianFilter_mac_muladd_8ns_8ns_16ns_17_4_1_DSP48_0_U/add_ln93_9_reg_1121_reg[17]_i_1 | CARRY.others.CARRY4  |
    | add_ln93_9_reg_1121_reg[17]                                                                                                | FLOP_LATCH.flop.FDRE |
    | data_in_3_read_reg_1059_reg[3]                                                                                             | FLOP_LATCH.flop.FDRE |
    | mac_muladd_8ns_8ns_16ns_17_4_1_U10/GaussianFilter_mac_muladd_8ns_8ns_16ns_17_4_1_DSP48_0_U/add_ln93_4_reg_1116[11]_i_9     | LUT.others.LUT3      |
    | mac_muladd_8ns_8ns_16ns_17_4_1_U10/GaussianFilter_mac_muladd_8ns_8ns_16ns_17_4_1_DSP48_0_U/add_ln93_4_reg_1116[11]_i_13    | LUT.others.LUT4      |
    | mac_muladd_8ns_8ns_16ns_17_4_1_U10/GaussianFilter_mac_muladd_8ns_8ns_16ns_17_4_1_DSP48_0_U/add_ln93_4_reg_1116_reg[11]_i_2 | CARRY.others.CARRY4  |
    | mac_muladd_8ns_8ns_16ns_17_4_1_U10/GaussianFilter_mac_muladd_8ns_8ns_16ns_17_4_1_DSP48_0_U/add_ln93_4_reg_1116_reg[15]_i_2 | CARRY.others.CARRY4  |
    | mac_muladd_8ns_8ns_16ns_17_4_1_U10/GaussianFilter_mac_muladd_8ns_8ns_16ns_17_4_1_DSP48_0_U/add_ln93_4_reg_1116[15]_i_5     | LUT.others.LUT2      |
    | mac_muladd_8ns_8ns_16ns_17_4_1_U10/GaussianFilter_mac_muladd_8ns_8ns_16ns_17_4_1_DSP48_0_U/add_ln93_4_reg_1116_reg[15]_i_1 | CARRY.others.CARRY4  |
    | mac_muladd_8ns_8ns_16ns_17_4_1_U10/GaussianFilter_mac_muladd_8ns_8ns_16ns_17_4_1_DSP48_0_U/add_ln93_4_reg_1116_reg[17]_i_1 | CARRY.others.CARRY4  |
    | add_ln93_4_reg_1116_reg[16]                                                                                                | FLOP_LATCH.flop.FDRE |
    | p_ZZ14GaussianFilter7ap_uintILi8EES0_S0_S0_S0_E13data_in_array_0_2_load_reg_963_reg[5]                                     | FLOP_LATCH.flop.FDRE |
    | mac_muladd_8ns_8ns_16ns_17_4_1_U9/GaussianFilter_mac_muladd_8ns_8ns_16ns_17_4_1_DSP48_0_U/add_ln93_9_reg_1121[11]_i_16     | LUT.others.LUT3      |
    | mac_muladd_8ns_8ns_16ns_17_4_1_U9/GaussianFilter_mac_muladd_8ns_8ns_16ns_17_4_1_DSP48_0_U/add_ln93_9_reg_1121[11]_i_20     | LUT.others.LUT4      |
    | mac_muladd_8ns_8ns_16ns_17_4_1_U9/GaussianFilter_mac_muladd_8ns_8ns_16ns_17_4_1_DSP48_0_U/add_ln93_9_reg_1121_reg[11]_i_15 | CARRY.others.CARRY4  |
    | mac_muladd_8ns_8ns_16ns_17_4_1_U9/GaussianFilter_mac_muladd_8ns_8ns_16ns_17_4_1_DSP48_0_U/add_ln93_9_reg_1121_reg[15]_i_14 | CARRY.others.CARRY4  |
    | mac_muladd_8ns_8ns_16ns_17_4_1_U12/GaussianFilter_mac_muladd_8ns_8ns_16ns_17_4_1_DSP48_0_U/add_ln93_9_reg_1121[15]_i_5     | LUT.others.LUT2      |
    | mac_muladd_8ns_8ns_16ns_17_4_1_U12/GaussianFilter_mac_muladd_8ns_8ns_16ns_17_4_1_DSP48_0_U/add_ln93_9_reg_1121_reg[15]_i_1 | CARRY.others.CARRY4  |
    | add_ln93_9_reg_1121_reg[15]                                                                                                | FLOP_LATCH.flop.FDRE |
    | data_in_3_read_reg_1059_reg[3]                                                                                             | FLOP_LATCH.flop.FDRE |
    | mac_muladd_8ns_8ns_16ns_17_4_1_U10/GaussianFilter_mac_muladd_8ns_8ns_16ns_17_4_1_DSP48_0_U/add_ln93_4_reg_1116[11]_i_9     | LUT.others.LUT3      |
    | mac_muladd_8ns_8ns_16ns_17_4_1_U10/GaussianFilter_mac_muladd_8ns_8ns_16ns_17_4_1_DSP48_0_U/add_ln93_4_reg_1116[11]_i_13    | LUT.others.LUT4      |
    | mac_muladd_8ns_8ns_16ns_17_4_1_U10/GaussianFilter_mac_muladd_8ns_8ns_16ns_17_4_1_DSP48_0_U/add_ln93_4_reg_1116_reg[11]_i_2 | CARRY.others.CARRY4  |
    | mac_muladd_8ns_8ns_16ns_17_4_1_U10/GaussianFilter_mac_muladd_8ns_8ns_16ns_17_4_1_DSP48_0_U/add_ln93_4_reg_1116_reg[15]_i_2 | CARRY.others.CARRY4  |
    | mac_muladd_8ns_8ns_16ns_17_4_1_U10/GaussianFilter_mac_muladd_8ns_8ns_16ns_17_4_1_DSP48_0_U/add_ln93_4_reg_1116[15]_i_5     | LUT.others.LUT2      |
    | mac_muladd_8ns_8ns_16ns_17_4_1_U10/GaussianFilter_mac_muladd_8ns_8ns_16ns_17_4_1_DSP48_0_U/add_ln93_4_reg_1116_reg[15]_i_1 | CARRY.others.CARRY4  |
    | mac_muladd_8ns_8ns_16ns_17_4_1_U10/GaussianFilter_mac_muladd_8ns_8ns_16ns_17_4_1_DSP48_0_U/add_ln93_4_reg_1116_reg[17]_i_1 | CARRY.others.CARRY4  |
    | add_ln93_4_reg_1116_reg[17]                                                                                                | FLOP_LATCH.flop.FDRE |
    +----------------------------------------------------------------------------------------------------------------------------+----------------------+

    +----------------------------------------------------------------------------------------------------------------------------+----------------------+
    | Path4 Cells                                                                                                                | Primitive Type       |
    +----------------------------------------------------------------------------------------------------------------------------+----------------------+
    | p_ZZ14GaussianFilter7ap_uintILi8EES0_S0_S0_S0_E13data_in_array_0_2_load_reg_963_reg[5]                                     | FLOP_LATCH.flop.FDRE |
    | mac_muladd_8ns_8ns_16ns_17_4_1_U9/GaussianFilter_mac_muladd_8ns_8ns_16ns_17_4_1_DSP48_0_U/add_ln93_9_reg_1121[11]_i_16     | LUT.others.LUT3      |
    | mac_muladd_8ns_8ns_16ns_17_4_1_U9/GaussianFilter_mac_muladd_8ns_8ns_16ns_17_4_1_DSP48_0_U/add_ln93_9_reg_1121[11]_i_20     | LUT.others.LUT4      |
    | mac_muladd_8ns_8ns_16ns_17_4_1_U9/GaussianFilter_mac_muladd_8ns_8ns_16ns_17_4_1_DSP48_0_U/add_ln93_9_reg_1121_reg[11]_i_15 | CARRY.others.CARRY4  |
    | mac_muladd_8ns_8ns_16ns_17_4_1_U9/GaussianFilter_mac_muladd_8ns_8ns_16ns_17_4_1_DSP48_0_U/add_ln93_9_reg_1121_reg[15]_i_14 | CARRY.others.CARRY4  |
    | mac_muladd_8ns_8ns_16ns_17_4_1_U12/GaussianFilter_mac_muladd_8ns_8ns_16ns_17_4_1_DSP48_0_U/add_ln93_9_reg_1121[15]_i_5     | LUT.others.LUT2      |
    | mac_muladd_8ns_8ns_16ns_17_4_1_U12/GaussianFilter_mac_muladd_8ns_8ns_16ns_17_4_1_DSP48_0_U/add_ln93_9_reg_1121_reg[15]_i_1 | CARRY.others.CARRY4  |
    | mac_muladd_8ns_8ns_16ns_17_4_1_U12/GaussianFilter_mac_muladd_8ns_8ns_16ns_17_4_1_DSP48_0_U/add_ln93_9_reg_1121_reg[17]_i_1 | CARRY.others.CARRY4  |
    | add_ln93_9_reg_1121_reg[16]                                                                                                | FLOP_LATCH.flop.FDRE |
    | p_ZZ14GaussianFilter7ap_uintILi8EES0_S0_S0_S0_E13data_in_array_0_2_load_reg_963_reg[5]                                     | FLOP_LATCH.flop.FDRE |
    | mac_muladd_8ns_8ns_16ns_17_4_1_U9/GaussianFilter_mac_muladd_8ns_8ns_16ns_17_4_1_DSP48_0_U/add_ln93_9_reg_1121[11]_i_16     | LUT.others.LUT3      |
    | mac_muladd_8ns_8ns_16ns_17_4_1_U9/GaussianFilter_mac_muladd_8ns_8ns_16ns_17_4_1_DSP48_0_U/add_ln93_9_reg_1121[11]_i_20     | LUT.others.LUT4      |
    | mac_muladd_8ns_8ns_16ns_17_4_1_U9/GaussianFilter_mac_muladd_8ns_8ns_16ns_17_4_1_DSP48_0_U/add_ln93_9_reg_1121_reg[11]_i_15 | CARRY.others.CARRY4  |
    | mac_muladd_8ns_8ns_16ns_17_4_1_U9/GaussianFilter_mac_muladd_8ns_8ns_16ns_17_4_1_DSP48_0_U/add_ln93_9_reg_1121_reg[15]_i_14 | CARRY.others.CARRY4  |
    | mac_muladd_8ns_8ns_16ns_17_4_1_U12/GaussianFilter_mac_muladd_8ns_8ns_16ns_17_4_1_DSP48_0_U/add_ln93_9_reg_1121[15]_i_5     | LUT.others.LUT2      |
    | mac_muladd_8ns_8ns_16ns_17_4_1_U12/GaussianFilter_mac_muladd_8ns_8ns_16ns_17_4_1_DSP48_0_U/add_ln93_9_reg_1121_reg[15]_i_1 | CARRY.others.CARRY4  |
    | mac_muladd_8ns_8ns_16ns_17_4_1_U12/GaussianFilter_mac_muladd_8ns_8ns_16ns_17_4_1_DSP48_0_U/add_ln93_9_reg_1121_reg[17]_i_1 | CARRY.others.CARRY4  |
    | add_ln93_9_reg_1121_reg[17]                                                                                                | FLOP_LATCH.flop.FDRE |
    | data_in_3_read_reg_1059_reg[3]                                                                                             | FLOP_LATCH.flop.FDRE |
    | mac_muladd_8ns_8ns_16ns_17_4_1_U10/GaussianFilter_mac_muladd_8ns_8ns_16ns_17_4_1_DSP48_0_U/add_ln93_4_reg_1116[11]_i_9     | LUT.others.LUT3      |
    | mac_muladd_8ns_8ns_16ns_17_4_1_U10/GaussianFilter_mac_muladd_8ns_8ns_16ns_17_4_1_DSP48_0_U/add_ln93_4_reg_1116[11]_i_13    | LUT.others.LUT4      |
    | mac_muladd_8ns_8ns_16ns_17_4_1_U10/GaussianFilter_mac_muladd_8ns_8ns_16ns_17_4_1_DSP48_0_U/add_ln93_4_reg_1116_reg[11]_i_2 | CARRY.others.CARRY4  |
    | mac_muladd_8ns_8ns_16ns_17_4_1_U10/GaussianFilter_mac_muladd_8ns_8ns_16ns_17_4_1_DSP48_0_U/add_ln93_4_reg_1116_reg[15]_i_2 | CARRY.others.CARRY4  |
    | mac_muladd_8ns_8ns_16ns_17_4_1_U10/GaussianFilter_mac_muladd_8ns_8ns_16ns_17_4_1_DSP48_0_U/add_ln93_4_reg_1116[15]_i_5     | LUT.others.LUT2      |
    | mac_muladd_8ns_8ns_16ns_17_4_1_U10/GaussianFilter_mac_muladd_8ns_8ns_16ns_17_4_1_DSP48_0_U/add_ln93_4_reg_1116_reg[15]_i_1 | CARRY.others.CARRY4  |
    | mac_muladd_8ns_8ns_16ns_17_4_1_U10/GaussianFilter_mac_muladd_8ns_8ns_16ns_17_4_1_DSP48_0_U/add_ln93_4_reg_1116_reg[17]_i_1 | CARRY.others.CARRY4  |
    | add_ln93_4_reg_1116_reg[16]                                                                                                | FLOP_LATCH.flop.FDRE |
    | p_ZZ14GaussianFilter7ap_uintILi8EES0_S0_S0_S0_E13data_in_array_0_2_load_reg_963_reg[5]                                     | FLOP_LATCH.flop.FDRE |
    | mac_muladd_8ns_8ns_16ns_17_4_1_U9/GaussianFilter_mac_muladd_8ns_8ns_16ns_17_4_1_DSP48_0_U/add_ln93_9_reg_1121[11]_i_16     | LUT.others.LUT3      |
    | mac_muladd_8ns_8ns_16ns_17_4_1_U9/GaussianFilter_mac_muladd_8ns_8ns_16ns_17_4_1_DSP48_0_U/add_ln93_9_reg_1121[11]_i_20     | LUT.others.LUT4      |
    | mac_muladd_8ns_8ns_16ns_17_4_1_U9/GaussianFilter_mac_muladd_8ns_8ns_16ns_17_4_1_DSP48_0_U/add_ln93_9_reg_1121_reg[11]_i_15 | CARRY.others.CARRY4  |
    | mac_muladd_8ns_8ns_16ns_17_4_1_U9/GaussianFilter_mac_muladd_8ns_8ns_16ns_17_4_1_DSP48_0_U/add_ln93_9_reg_1121_reg[15]_i_14 | CARRY.others.CARRY4  |
    | mac_muladd_8ns_8ns_16ns_17_4_1_U12/GaussianFilter_mac_muladd_8ns_8ns_16ns_17_4_1_DSP48_0_U/add_ln93_9_reg_1121[15]_i_5     | LUT.others.LUT2      |
    | mac_muladd_8ns_8ns_16ns_17_4_1_U12/GaussianFilter_mac_muladd_8ns_8ns_16ns_17_4_1_DSP48_0_U/add_ln93_9_reg_1121_reg[15]_i_1 | CARRY.others.CARRY4  |
    | add_ln93_9_reg_1121_reg[15]                                                                                                | FLOP_LATCH.flop.FDRE |
    | data_in_3_read_reg_1059_reg[3]                                                                                             | FLOP_LATCH.flop.FDRE |
    | mac_muladd_8ns_8ns_16ns_17_4_1_U10/GaussianFilter_mac_muladd_8ns_8ns_16ns_17_4_1_DSP48_0_U/add_ln93_4_reg_1116[11]_i_9     | LUT.others.LUT3      |
    | mac_muladd_8ns_8ns_16ns_17_4_1_U10/GaussianFilter_mac_muladd_8ns_8ns_16ns_17_4_1_DSP48_0_U/add_ln93_4_reg_1116[11]_i_13    | LUT.others.LUT4      |
    | mac_muladd_8ns_8ns_16ns_17_4_1_U10/GaussianFilter_mac_muladd_8ns_8ns_16ns_17_4_1_DSP48_0_U/add_ln93_4_reg_1116_reg[11]_i_2 | CARRY.others.CARRY4  |
    | mac_muladd_8ns_8ns_16ns_17_4_1_U10/GaussianFilter_mac_muladd_8ns_8ns_16ns_17_4_1_DSP48_0_U/add_ln93_4_reg_1116_reg[15]_i_2 | CARRY.others.CARRY4  |
    | mac_muladd_8ns_8ns_16ns_17_4_1_U10/GaussianFilter_mac_muladd_8ns_8ns_16ns_17_4_1_DSP48_0_U/add_ln93_4_reg_1116[15]_i_5     | LUT.others.LUT2      |
    | mac_muladd_8ns_8ns_16ns_17_4_1_U10/GaussianFilter_mac_muladd_8ns_8ns_16ns_17_4_1_DSP48_0_U/add_ln93_4_reg_1116_reg[15]_i_1 | CARRY.others.CARRY4  |
    | mac_muladd_8ns_8ns_16ns_17_4_1_U10/GaussianFilter_mac_muladd_8ns_8ns_16ns_17_4_1_DSP48_0_U/add_ln93_4_reg_1116_reg[17]_i_1 | CARRY.others.CARRY4  |
    | add_ln93_4_reg_1116_reg[17]                                                                                                | FLOP_LATCH.flop.FDRE |
    +----------------------------------------------------------------------------------------------------------------------------+----------------------+

    +----------------------------------------------------------------------------------------------------------------------------+----------------------+
    | Path5 Cells                                                                                                                | Primitive Type       |
    +----------------------------------------------------------------------------------------------------------------------------+----------------------+
    | p_ZZ14GaussianFilter7ap_uintILi8EES0_S0_S0_S0_E13data_in_array_0_2_load_reg_963_reg[5]                                     | FLOP_LATCH.flop.FDRE |
    | mac_muladd_8ns_8ns_16ns_17_4_1_U9/GaussianFilter_mac_muladd_8ns_8ns_16ns_17_4_1_DSP48_0_U/add_ln93_9_reg_1121[11]_i_16     | LUT.others.LUT3      |
    | mac_muladd_8ns_8ns_16ns_17_4_1_U9/GaussianFilter_mac_muladd_8ns_8ns_16ns_17_4_1_DSP48_0_U/add_ln93_9_reg_1121[11]_i_20     | LUT.others.LUT4      |
    | mac_muladd_8ns_8ns_16ns_17_4_1_U9/GaussianFilter_mac_muladd_8ns_8ns_16ns_17_4_1_DSP48_0_U/add_ln93_9_reg_1121_reg[11]_i_15 | CARRY.others.CARRY4  |
    | mac_muladd_8ns_8ns_16ns_17_4_1_U9/GaussianFilter_mac_muladd_8ns_8ns_16ns_17_4_1_DSP48_0_U/add_ln93_9_reg_1121_reg[15]_i_14 | CARRY.others.CARRY4  |
    | mac_muladd_8ns_8ns_16ns_17_4_1_U12/GaussianFilter_mac_muladd_8ns_8ns_16ns_17_4_1_DSP48_0_U/add_ln93_9_reg_1121[15]_i_5     | LUT.others.LUT2      |
    | mac_muladd_8ns_8ns_16ns_17_4_1_U12/GaussianFilter_mac_muladd_8ns_8ns_16ns_17_4_1_DSP48_0_U/add_ln93_9_reg_1121_reg[15]_i_1 | CARRY.others.CARRY4  |
    | mac_muladd_8ns_8ns_16ns_17_4_1_U12/GaussianFilter_mac_muladd_8ns_8ns_16ns_17_4_1_DSP48_0_U/add_ln93_9_reg_1121_reg[17]_i_1 | CARRY.others.CARRY4  |
    | add_ln93_9_reg_1121_reg[16]                                                                                                | FLOP_LATCH.flop.FDRE |
    | p_ZZ14GaussianFilter7ap_uintILi8EES0_S0_S0_S0_E13data_in_array_0_2_load_reg_963_reg[5]                                     | FLOP_LATCH.flop.FDRE |
    | mac_muladd_8ns_8ns_16ns_17_4_1_U9/GaussianFilter_mac_muladd_8ns_8ns_16ns_17_4_1_DSP48_0_U/add_ln93_9_reg_1121[11]_i_16     | LUT.others.LUT3      |
    | mac_muladd_8ns_8ns_16ns_17_4_1_U9/GaussianFilter_mac_muladd_8ns_8ns_16ns_17_4_1_DSP48_0_U/add_ln93_9_reg_1121[11]_i_20     | LUT.others.LUT4      |
    | mac_muladd_8ns_8ns_16ns_17_4_1_U9/GaussianFilter_mac_muladd_8ns_8ns_16ns_17_4_1_DSP48_0_U/add_ln93_9_reg_1121_reg[11]_i_15 | CARRY.others.CARRY4  |
    | mac_muladd_8ns_8ns_16ns_17_4_1_U9/GaussianFilter_mac_muladd_8ns_8ns_16ns_17_4_1_DSP48_0_U/add_ln93_9_reg_1121_reg[15]_i_14 | CARRY.others.CARRY4  |
    | mac_muladd_8ns_8ns_16ns_17_4_1_U12/GaussianFilter_mac_muladd_8ns_8ns_16ns_17_4_1_DSP48_0_U/add_ln93_9_reg_1121[15]_i_5     | LUT.others.LUT2      |
    | mac_muladd_8ns_8ns_16ns_17_4_1_U12/GaussianFilter_mac_muladd_8ns_8ns_16ns_17_4_1_DSP48_0_U/add_ln93_9_reg_1121_reg[15]_i_1 | CARRY.others.CARRY4  |
    | mac_muladd_8ns_8ns_16ns_17_4_1_U12/GaussianFilter_mac_muladd_8ns_8ns_16ns_17_4_1_DSP48_0_U/add_ln93_9_reg_1121_reg[17]_i_1 | CARRY.others.CARRY4  |
    | add_ln93_9_reg_1121_reg[17]                                                                                                | FLOP_LATCH.flop.FDRE |
    | data_in_3_read_reg_1059_reg[3]                                                                                             | FLOP_LATCH.flop.FDRE |
    | mac_muladd_8ns_8ns_16ns_17_4_1_U10/GaussianFilter_mac_muladd_8ns_8ns_16ns_17_4_1_DSP48_0_U/add_ln93_4_reg_1116[11]_i_9     | LUT.others.LUT3      |
    | mac_muladd_8ns_8ns_16ns_17_4_1_U10/GaussianFilter_mac_muladd_8ns_8ns_16ns_17_4_1_DSP48_0_U/add_ln93_4_reg_1116[11]_i_13    | LUT.others.LUT4      |
    | mac_muladd_8ns_8ns_16ns_17_4_1_U10/GaussianFilter_mac_muladd_8ns_8ns_16ns_17_4_1_DSP48_0_U/add_ln93_4_reg_1116_reg[11]_i_2 | CARRY.others.CARRY4  |
    | mac_muladd_8ns_8ns_16ns_17_4_1_U10/GaussianFilter_mac_muladd_8ns_8ns_16ns_17_4_1_DSP48_0_U/add_ln93_4_reg_1116_reg[15]_i_2 | CARRY.others.CARRY4  |
    | mac_muladd_8ns_8ns_16ns_17_4_1_U10/GaussianFilter_mac_muladd_8ns_8ns_16ns_17_4_1_DSP48_0_U/add_ln93_4_reg_1116[15]_i_5     | LUT.others.LUT2      |
    | mac_muladd_8ns_8ns_16ns_17_4_1_U10/GaussianFilter_mac_muladd_8ns_8ns_16ns_17_4_1_DSP48_0_U/add_ln93_4_reg_1116_reg[15]_i_1 | CARRY.others.CARRY4  |
    | mac_muladd_8ns_8ns_16ns_17_4_1_U10/GaussianFilter_mac_muladd_8ns_8ns_16ns_17_4_1_DSP48_0_U/add_ln93_4_reg_1116_reg[17]_i_1 | CARRY.others.CARRY4  |
    | add_ln93_4_reg_1116_reg[16]                                                                                                | FLOP_LATCH.flop.FDRE |
    | p_ZZ14GaussianFilter7ap_uintILi8EES0_S0_S0_S0_E13data_in_array_0_2_load_reg_963_reg[5]                                     | FLOP_LATCH.flop.FDRE |
    | mac_muladd_8ns_8ns_16ns_17_4_1_U9/GaussianFilter_mac_muladd_8ns_8ns_16ns_17_4_1_DSP48_0_U/add_ln93_9_reg_1121[11]_i_16     | LUT.others.LUT3      |
    | mac_muladd_8ns_8ns_16ns_17_4_1_U9/GaussianFilter_mac_muladd_8ns_8ns_16ns_17_4_1_DSP48_0_U/add_ln93_9_reg_1121[11]_i_20     | LUT.others.LUT4      |
    | mac_muladd_8ns_8ns_16ns_17_4_1_U9/GaussianFilter_mac_muladd_8ns_8ns_16ns_17_4_1_DSP48_0_U/add_ln93_9_reg_1121_reg[11]_i_15 | CARRY.others.CARRY4  |
    | mac_muladd_8ns_8ns_16ns_17_4_1_U9/GaussianFilter_mac_muladd_8ns_8ns_16ns_17_4_1_DSP48_0_U/add_ln93_9_reg_1121_reg[15]_i_14 | CARRY.others.CARRY4  |
    | mac_muladd_8ns_8ns_16ns_17_4_1_U12/GaussianFilter_mac_muladd_8ns_8ns_16ns_17_4_1_DSP48_0_U/add_ln93_9_reg_1121[15]_i_5     | LUT.others.LUT2      |
    | mac_muladd_8ns_8ns_16ns_17_4_1_U12/GaussianFilter_mac_muladd_8ns_8ns_16ns_17_4_1_DSP48_0_U/add_ln93_9_reg_1121_reg[15]_i_1 | CARRY.others.CARRY4  |
    | add_ln93_9_reg_1121_reg[15]                                                                                                | FLOP_LATCH.flop.FDRE |
    | data_in_3_read_reg_1059_reg[3]                                                                                             | FLOP_LATCH.flop.FDRE |
    | mac_muladd_8ns_8ns_16ns_17_4_1_U10/GaussianFilter_mac_muladd_8ns_8ns_16ns_17_4_1_DSP48_0_U/add_ln93_4_reg_1116[11]_i_9     | LUT.others.LUT3      |
    | mac_muladd_8ns_8ns_16ns_17_4_1_U10/GaussianFilter_mac_muladd_8ns_8ns_16ns_17_4_1_DSP48_0_U/add_ln93_4_reg_1116[11]_i_13    | LUT.others.LUT4      |
    | mac_muladd_8ns_8ns_16ns_17_4_1_U10/GaussianFilter_mac_muladd_8ns_8ns_16ns_17_4_1_DSP48_0_U/add_ln93_4_reg_1116_reg[11]_i_2 | CARRY.others.CARRY4  |
    | mac_muladd_8ns_8ns_16ns_17_4_1_U10/GaussianFilter_mac_muladd_8ns_8ns_16ns_17_4_1_DSP48_0_U/add_ln93_4_reg_1116_reg[15]_i_2 | CARRY.others.CARRY4  |
    | mac_muladd_8ns_8ns_16ns_17_4_1_U10/GaussianFilter_mac_muladd_8ns_8ns_16ns_17_4_1_DSP48_0_U/add_ln93_4_reg_1116[15]_i_5     | LUT.others.LUT2      |
    | mac_muladd_8ns_8ns_16ns_17_4_1_U10/GaussianFilter_mac_muladd_8ns_8ns_16ns_17_4_1_DSP48_0_U/add_ln93_4_reg_1116_reg[15]_i_1 | CARRY.others.CARRY4  |
    | mac_muladd_8ns_8ns_16ns_17_4_1_U10/GaussianFilter_mac_muladd_8ns_8ns_16ns_17_4_1_DSP48_0_U/add_ln93_4_reg_1116_reg[17]_i_1 | CARRY.others.CARRY4  |
    | add_ln93_4_reg_1116_reg[17]                                                                                                | FLOP_LATCH.flop.FDRE |
    +----------------------------------------------------------------------------------------------------------------------------+----------------------+


================================================================
== Place & Route Vivado Reports
================================================================
+--------------------------+---------------------------------------------------------------------+
| Report Type              | Report Location                                                     |
+--------------------------+---------------------------------------------------------------------+
| design_analysis          | impl/vhdl/report/GaussianFilter_design_analysis_routed.rpt          |
| failfast                 | impl/vhdl/report/GaussianFilter_failfast_routed.rpt                 |
| power                    | impl/vhdl/report/GaussianFilter_power_routed.rpt                    |
| status                   | impl/vhdl/report/GaussianFilter_status_routed.rpt                   |
| timing                   | impl/vhdl/report/GaussianFilter_timing_routed.rpt                   |
| timing_paths             | impl/vhdl/report/GaussianFilter_timing_paths_routed.rpt             |
| utilization              | impl/vhdl/report/GaussianFilter_utilization_routed.rpt              |
| utilization_hierarchical | impl/vhdl/report/GaussianFilter_utilization_hierarchical_routed.rpt |
+--------------------------+---------------------------------------------------------------------+


