Copyright 1986-2022 Xilinx, Inc. All Rights Reserved. Copyright 2022-2025 Advanced Micro Devices, Inc. All Rights Reserved.
---------------------------------------------------------------------------------------------------------------------------------------------
| Tool Version : Vivado v.2025.1 (lin64) Build 6140274 Wed May 21 22:58:25 MDT 2025
| Date         : Sun Jan 11 16:25:42 2026
| Host         : szymon running 64-bit Ubuntu 24.04.3 LTS
| Command      : upgrade_ip
| Device       : xc7z007sclg400-1
---------------------------------------------------------------------------------------------------------------------------------------------

Upgrade Log for IP 'design_1_rst_ps7_0_50M_0'

1. Summary
----------

SUCCESS in the upgrade of design_1_rst_ps7_0_50M_0 (xilinx.com:ip:proc_sys_reset:5.0) from (Rev. 15) to (Rev. 17)






Copyright 1986-2022 Xilinx, Inc. All Rights Reserved. Copyright 2022-2025 Advanced Micro Devices, Inc. All Rights Reserved.
---------------------------------------------------------------------------------------------------------------------------------------------
| Tool Version : Vivado v.2025.1 (lin64) Build 6140274 Wed May 21 22:58:25 MDT 2025
| Date         : Sun Jan 11 16:25:41 2026
| Host         : szymon running 64-bit Ubuntu 24.04.3 LTS
| Command      : upgrade_ip
| Device       : xc7z007sclg400-1
---------------------------------------------------------------------------------------------------------------------------------------------

Upgrade Log for IP 'design_1_ps7_0_axi_periph_0'

1. Summary
----------

SUCCESS in the upgrade of design_1_ps7_0_axi_periph_0 (xilinx.com:ip:axi_interconnect:2.1) from (Rev. 32) to (Rev. 37)






Copyright 1986-2022 Xilinx, Inc. All Rights Reserved. Copyright 2022-2025 Advanced Micro Devices, Inc. All Rights Reserved.
---------------------------------------------------------------------------------------------------------------------------------------------
| Tool Version : Vivado v.2025.1 (lin64) Build 6140274 Wed May 21 22:58:25 MDT 2025
| Date         : Sun Jan 11 16:25:41 2026
| Host         : szymon running 64-bit Ubuntu 24.04.3 LTS
| Command      : upgrade_ip
| Device       : xc7z007sclg400-1
---------------------------------------------------------------------------------------------------------------------------------------------

Upgrade Log for IP 'design_1_processing_system7_0_0'

1. Summary
----------

SUCCESS in the upgrade of design_1_processing_system7_0_0 (xilinx.com:ip:processing_system7:5.5) from (Rev. 6) to (Rev. 7)

2. Upgrade messages
-------------------

WARNING: upgrade cannot add parameter PCW_TRACE_INTERNAL_WIDTH with default value 32 : a parameter called PCW_TRACE_INTERNAL_WIDTH already exists in processing_system7_v5_5
WARNING: upgrade cannot add parameter PCW_USE_AXI_NONSECURE with default value 0 : a parameter called PCW_USE_AXI_NONSECURE already exists in processing_system7_v5_5
WARNING: upgrade cannot add parameter PCW_EN_PTP_ENET0 with default value 1 : a parameter called PCW_EN_PTP_ENET0 already exists in processing_system7_v5_5
WARNING: upgrade cannot add parameter PCW_EN_PTP_ENET0 with default value 1 : a parameter called PCW_EN_PTP_ENET0 already exists in processing_system7_v5_5
WARNING: upgrade cannot add parameter PCW_GP0_NUM_WRITE_THREADS with default value 4 : a parameter called PCW_GP0_NUM_WRITE_THREADS already exists in processing_system7_v5_5
WARNING: upgrade cannot add parameter PCW_GP0_NUM_READ_THREADS with default value 4 : a parameter called PCW_GP0_NUM_READ_THREADS already exists in processing_system7_v5_5
WARNING: upgrade cannot add parameter PCW_GP1_NUM_WRITE_THREADS with default value 4 : a parameter called PCW_GP1_NUM_WRITE_THREADS already exists in processing_system7_v5_5
WARNING: upgrade cannot add parameter PCW_GP1_NUM_READ_THREADS with default value 4 : a parameter called PCW_GP1_NUM_READ_THREADS already exists in processing_system7_v5_5
WARNING: upgrade cannot add parameter PCW_GP0_EN_MODIFIABLE_TXN with default value 0 : a parameter called PCW_GP0_EN_MODIFIABLE_TXN already exists in processing_system7_v5_5
WARNING: upgrade cannot add parameter PCW_GP1_EN_MODIFIABLE_TXN with default value 0 : a parameter called PCW_GP1_EN_MODIFIABLE_TXN already exists in processing_system7_v5_5






Copyright 1986-2022 Xilinx, Inc. All Rights Reserved. Copyright 2022-2025 Advanced Micro Devices, Inc. All Rights Reserved.
---------------------------------------------------------------------------------------------------------------------------------------------
| Tool Version : Vivado v.2025.1 (lin64) Build 6140274 Wed May 21 22:58:25 MDT 2025
| Date         : Sun Jan 11 16:25:41 2026
| Host         : szymon running 64-bit Ubuntu 24.04.3 LTS
| Command      : upgrade_ip
| Device       : xc7z007sclg400-1
---------------------------------------------------------------------------------------------------------------------------------------------

Upgrade Log for IP 'design_1_axi_timer_0_0'

1. Summary
----------

SUCCESS in the upgrade of design_1_axi_timer_0_0 (xilinx.com:ip:axi_timer:2.0) from (Rev. 33) to (Rev. 37)






Copyright 1986-2022 Xilinx, Inc. All Rights Reserved. Copyright 2022-2025 Advanced Micro Devices, Inc. All Rights Reserved.
---------------------------------------------------------------------------------------------------------------------------------------------
| Tool Version : Vivado v.2025.1 (lin64) Build 6140274 Wed May 21 22:58:25 MDT 2025
| Date         : Sun Jan 11 16:25:41 2026
| Host         : szymon running 64-bit Ubuntu 24.04.3 LTS
| Command      : upgrade_ip
| Device       : xc7z007sclg400-1
---------------------------------------------------------------------------------------------------------------------------------------------

Upgrade Log for IP 'design_1_axi_gpio_0_1'

1. Summary
----------

SUCCESS in the upgrade of design_1_axi_gpio_0_1 (xilinx.com:ip:axi_gpio:2.0) from (Rev. 33) to (Rev. 37)






Copyright 1986-2022 Xilinx, Inc. All Rights Reserved. Copyright 2022-2025 Advanced Micro Devices, Inc. All Rights Reserved.
---------------------------------------------------------------------------------------------------------------------------------------------
| Tool Version : Vivado v.2025.1 (lin64) Build 6140274 Wed May 21 22:58:25 MDT 2025
| Date         : Sun Jan 11 16:25:41 2026
| Host         : szymon running 64-bit Ubuntu 24.04.3 LTS
| Command      : upgrade_ip
| Device       : xc7z007sclg400-1
---------------------------------------------------------------------------------------------------------------------------------------------

Upgrade Log for IP 'design_1_axi_gpio_0_0'

1. Summary
----------

SUCCESS in the upgrade of design_1_axi_gpio_0_0 (xilinx.com:ip:axi_gpio:2.0) from (Rev. 33) to (Rev. 37)

