Copyright 1986-2022 Xilinx, Inc. All Rights Reserved. Copyright 2022-2025 Advanced Micro Devices, Inc. All Rights Reserved.
----------------------------------------------------------------------------------------------------------------------------------------------
| Tool Version : Vivado v.2025.1 (lin64) Build 6140274 Wed May 21 22:58:25 MDT 2025
| Date         : Sat Jan 17 21:05:24 2026
| Host         : szymon running 64-bit Ubuntu 24.04.3 LTS
| Command      : report_utilization -hierarchical -hierarchical_depth 5 -file ./report/ImgSharpeningFilter_utilization_hierarchical_synth.rpt
| Design       : bd_0_wrapper
| Device       : xc7z007sclg400-1
| Speed File   : -1
| Design State : Synthesized
----------------------------------------------------------------------------------------------------------------------------------------------

Utilization Design Information

Table of Contents
-----------------
1. Utilization by Hierarchy

1. Utilization by Hierarchy
---------------------------

+----------------------+------------------------------------------------+------------+------------+---------+------+-----+--------+--------+------------+
|       Instance       |                     Module                     | Total LUTs | Logic LUTs | LUTRAMs | SRLs | FFs | RAMB36 | RAMB18 | DSP Blocks |
+----------------------+------------------------------------------------+------------+------------+---------+------+-----+--------+--------+------------+
| bd_0_wrapper         |                                          (top) |        110 |        110 |       0 |    0 | 131 |      0 |      0 |          0 |
|   bd_0_i             |                                           bd_0 |        110 |        110 |       0 |    0 | 131 |      0 |      0 |          0 |
|     hls_inst         |                                bd_0_hls_inst_0 |        110 |        110 |       0 |    0 | 131 |      0 |      0 |          0 |
|       inst           |            bd_0_hls_inst_0_ImgSharpeningFilter |        110 |        110 |       0 |    0 | 131 |      0 |      0 |          0 |
|         (inst)       |            bd_0_hls_inst_0_ImgSharpeningFilter |         35 |         35 |       0 |    0 |  67 |      0 |      0 |          0 |
|         CTRL_s_axi_U | bd_0_hls_inst_0_ImgSharpeningFilter_CTRL_s_axi |         75 |         75 |       0 |    0 |  64 |      0 |      0 |          0 |
+----------------------+------------------------------------------------+------------+------------+---------+------+-----+--------+--------+------------+


