Copyright 1986-2022 Xilinx, Inc. All Rights Reserved. Copyright 2022-2025 Advanced Micro Devices, Inc. All Rights Reserved.
---------------------------------------------------------------------------------------------------------------------------------------------
| Tool Version : Vivado v.2025.1 (lin64) Build 6140274 Wed May 21 22:58:25 MDT 2025
| Date         : Sun Jan 18 18:54:19 2026
| Host         : szymon running 64-bit Ubuntu 24.04.3 LTS
| Command      : report_design_analysis -file ./report/ImgSharpeningFilter_design_analysis_synth.rpt
| Design       : bd_0_wrapper
| Device       : xc7z007s
| Design State : Synthesized
---------------------------------------------------------------------------------------------------------------------------------------------

Report Design Analysis

Table of Contents
-----------------
1. Setup Path Characteristics 1-1
2. Logic Level Distribution
3. Placer Final Level Congestion Reporting
4. SLR Net Crossing Reporting

1. Setup Path Characteristics 1-1
---------------------------------

+---------------------------+--------------------------------------------------------------------------------------+
|      Characteristics      |                                        Path #1                                       |
+---------------------------+--------------------------------------------------------------------------------------+
| Requirement               | 8.000                                                                                |
| Path Delay                | 6.519                                                                                |
| Logic Delay               | 2.765(43%)                                                                           |
| Net Delay                 | 3.754(57%)                                                                           |
| Clock Skew                | -0.049                                                                               |
| Slack                     | 0.873                                                                                |
| Clock Uncertainty         | 0.035                                                                                |
| Clock Pair Classification | Timed                                                                                |
| Clock Delay Group         | Same Clock                                                                           |
| Logic Levels              | 8                                                                                    |
| Routes                    | NA                                                                                   |
| Logical Path              | FDRE/C-(2)-LUT2-(1)-CARRY4-LUT3-(3)-LUT5-(2)-LUT6-(1)-CARRY4-CARRY4-LUT2-(11)-FDRE/R |
| Start Point Clock         | ap_clk                                                                               |
| End Point Clock           | ap_clk                                                                               |
| DSP Block                 | None                                                                                 |
| RAM Registers             | None-None                                                                            |
| IO Crossings              | 0                                                                                    |
| Config Crossings          | 0                                                                                    |
| SLR Crossings             | 0                                                                                    |
| PBlocks                   | 0                                                                                    |
| High Fanout               | 11                                                                                   |
| ASYNC REG                 | 0                                                                                    |
| Dont Touch                | 0                                                                                    |
| Mark Debug                | 0                                                                                    |
| Start Point Pin Primitive | FDRE/C                                                                               |
| End Point Pin Primitive   | FDRE/R                                                                               |
| Start Point Pin           | add_ln49_reg_249_reg[1]/C                                                            |
| End Point Pin             | tmp_2_reg_254_reg[0]/R                                                               |
+---------------------------+--------------------------------------------------------------------------------------+
* Bounding box calculated as % of dimensions for the target device (156, 199)


2. Logic Level Distribution
---------------------------

+-----------------+-------------+-----+-----+----+---+---+---+---+---+----+
| End Point Clock | Requirement |  0  |  1  |  2 | 3 | 4 | 5 | 6 | 7 |  8 |
+-----------------+-------------+-----+-----+----+---+---+---+---+---+----+
| ap_clk          | 8.000ns     | 140 | 112 | 16 | 9 | 2 | 3 | 4 | 3 | 11 |
+-----------------+-------------+-----+-----+----+---+---+---+---+---+----+
* Columns represent the logic levels per end point clock
** Distribution is for top worst 300 paths


3. Placer Final Level Congestion Reporting
------------------------------------------

+-----------+------+-------+------------+--------+---------------+----------------+-----+--------+------+------+------+-----+-------+-----+------------+
| Direction | Type | Level | Congestion | Window | Combined LUTs | Avg LUT Inputs | LUT | LUTRAM | Flop | MUXF | RAMB | DSP | CARRY | SRL | Cell Names |
+-----------+------+-------+------------+--------+---------------+----------------+-----+--------+------+------+------+-----+-------+-----+------------+
* The design has not been placed, hence congestion data is not available. The command report_design_analysis -congestion should be run only after place_design has completed.


4. SLR Net Crossing Reporting
-----------------------------

+------------+-----------------------------+
| Cell Names | Number of Nets crossing SLR |
+------------+-----------------------------+
* The current part is not an SSI device


