Copyright 1986-2022 Xilinx, Inc. All Rights Reserved. Copyright 2022-2025 Advanced Micro Devices, Inc. All Rights Reserved.
---------------------------------------------------------------------------------------------------------------------------------------------
| Tool Version : Vivado v.2025.1 (lin64) Build 6140274 Wed May 21 22:58:25 MDT 2025
| Date         : Sun Jan 11 14:56:03 2026
| Host         : szymon running 64-bit Ubuntu 24.04.3 LTS
| Command      : report_utilization -hierarchical -hierarchical_depth 5 -file ./report/GaussianFilter_utilization_hierarchical_synth.rpt
| Design       : bd_0_wrapper
| Device       : xc7z007sclg400-1
| Speed File   : -1
| Design State : Synthesized
---------------------------------------------------------------------------------------------------------------------------------------------

Utilization Design Information

Table of Contents
-----------------
1. Utilization by Hierarchy

1. Utilization by Hierarchy
---------------------------

+----------------------+-------------------------------------------+------------+------------+---------+------+-----+--------+--------+------------+
|       Instance       |                   Module                  | Total LUTs | Logic LUTs | LUTRAMs | SRLs | FFs | RAMB36 | RAMB18 | DSP Blocks |
+----------------------+-------------------------------------------+------------+------------+---------+------+-----+--------+--------+------------+
| bd_0_wrapper         |                                     (top) |        289 |        281 |       0 |    8 | 362 |      0 |      0 |         17 |
|   bd_0_i             |                                      bd_0 |        289 |        281 |       0 |    8 | 362 |      0 |      0 |         17 |
|     hls_inst         |                           bd_0_hls_inst_0 |        289 |        281 |       0 |    8 | 362 |      0 |      0 |         17 |
|       U0             |            bd_0_hls_inst_0_GaussianFilter |        289 |        281 |       0 |    8 | 362 |      0 |      0 |         17 |
|         (U0)         |            bd_0_hls_inst_0_GaussianFilter |          9 |          1 |       0 |    8 | 251 |      0 |      0 |          0 |
|         CTRL_s_axi_U | bd_0_hls_inst_0_GaussianFilter_CTRL_s_axi |        139 |        139 |       0 |    0 | 103 |      0 |      0 |          0 |
+----------------------+-------------------------------------------+------------+------------+---------+------+-----+--------+--------+------------+


