Copyright 1986-2022 Xilinx, Inc. All Rights Reserved. Copyright 2022-2025 Advanced Micro Devices, Inc. All Rights Reserved.
---------------------------------------------------------------------------------------------------------------------------------------------
| Tool Version : Vivado v.2025.1 (lin64) Build 6140274 Wed May 21 22:58:25 MDT 2025
| Date         : Sun Jan 11 14:56:08 2026
| Host         : szymon running 64-bit Ubuntu 24.04.3 LTS
| Command      : report_timing_summary -file ./report/GaussianFilter_timing_synth.rpt
| Design       : bd_0_wrapper
| Device       : 7z007s-clg400
| Speed File   : -1  PRODUCTION 1.12 2019-11-22
| Design State : Synthesized
---------------------------------------------------------------------------------------------------------------------------------------------

Timing Summary Report

------------------------------------------------------------------------------------------------
| Timer Settings
| --------------
------------------------------------------------------------------------------------------------

  Enable Multi Corner Analysis               :  Yes
  Enable Pessimism Removal                   :  Yes
  Pessimism Removal Resolution               :  Nearest Common Node
  Enable Input Delay Default Clock           :  No
  Enable Preset / Clear Arcs                 :  No
  Disable Flight Delays                      :  No
  Ignore I/O Paths                           :  No
  Timing Early Launch at Borrowing Latches   :  No
  Borrow Time for Max Delay Exceptions       :  Yes
  Merge Timing Exceptions                    :  Yes
  Inter-SLR Compensation                     :  Conservative

  Corner  Analyze    Analyze    
  Name    Max Paths  Min Paths  
  ------  ---------  ---------  
  Slow    Yes        Yes        
  Fast    Yes        Yes        


------------------------------------------------------------------------------------------------
| Report Methodology
| ------------------
------------------------------------------------------------------------------------------------

No report available as report_methodology has not been run prior. Run report_methodology on the current design for the summary of methodology violations.



check_timing report

Table of Contents
-----------------
1. checking no_clock (0)
2. checking constant_clock (0)
3. checking pulse_width_clock (0)
4. checking unconstrained_internal_endpoints (0)
5. checking no_input_delay (25)
6. checking no_output_delay (26)
7. checking multiple_clock (0)
8. checking generated_clocks (0)
9. checking loops (0)
10. checking partial_input_delay (0)
11. checking partial_output_delay (0)
12. checking latch_loops (0)

1. checking no_clock (0)
------------------------
 There are 0 register/latch pins with no clock.


2. checking constant_clock (0)
------------------------------
 There are 0 register/latch pins with constant_clock.


3. checking pulse_width_clock (0)
---------------------------------
 There are 0 register/latch pins which need pulse_width check


4. checking unconstrained_internal_endpoints (0)
------------------------------------------------
 There are 0 pins that are not constrained for maximum delay.

 There are 0 pins that are not constrained for maximum delay due to constant clock.


5. checking no_input_delay (25)
-------------------------------
 There are 25 input ports with no input delay specified. (HIGH)

 There are 0 input ports with no input delay but user has a false path constraint.


6. checking no_output_delay (26)
--------------------------------
 There are 26 ports with no output delay specified. (HIGH)

 There are 0 ports with no output delay but user has a false path constraint

 There are 0 ports with no output delay but with a timing clock defined on it or propagating through it


7. checking multiple_clock (0)
------------------------------
 There are 0 register/latch pins with multiple clocks.


8. checking generated_clocks (0)
--------------------------------
 There are 0 generated clocks that are not connected to a clock source.


9. checking loops (0)
---------------------
 There are 0 combinational loops in the design.


10. checking partial_input_delay (0)
------------------------------------
 There are 0 input ports with partial input delay specified.


11. checking partial_output_delay (0)
-------------------------------------
 There are 0 ports with partial output delay specified.


12. checking latch_loops (0)
----------------------------
 There are 0 combinational latch loops in the design through latch input



------------------------------------------------------------------------------------------------
| Design Timing Summary
| ---------------------
------------------------------------------------------------------------------------------------

    WNS(ns)      TNS(ns)  TNS Failing Endpoints  TNS Total Endpoints      WHS(ns)      THS(ns)  THS Failing Endpoints  THS Total Endpoints     WPWS(ns)     TPWS(ns)  TPWS Failing Endpoints  TPWS Total Endpoints  
    -------      -------  ---------------------  -------------------      -------      -------  ---------------------  -------------------     --------     --------  ----------------------  --------------------  
      2.834        0.000                      0                 1383        0.218        0.000                      0                 1383        3.020        0.000                       0                   387  


All user specified timing constraints are met.


------------------------------------------------------------------------------------------------
| Clock Summary
| -------------
------------------------------------------------------------------------------------------------

Clock   Waveform(ns)         Period(ns)      Frequency(MHz)
-----   ------------         ----------      --------------
ap_clk  {0.000 4.000}        8.000           125.000         


------------------------------------------------------------------------------------------------
| Intra Clock Table
| -----------------
------------------------------------------------------------------------------------------------

Clock             WNS(ns)      TNS(ns)  TNS Failing Endpoints  TNS Total Endpoints      WHS(ns)      THS(ns)  THS Failing Endpoints  THS Total Endpoints     WPWS(ns)     TPWS(ns)  TPWS Failing Endpoints  TPWS Total Endpoints  
-----             -------      -------  ---------------------  -------------------      -------      -------  ---------------------  -------------------     --------     --------  ----------------------  --------------------  
ap_clk              2.834        0.000                      0                 1383        0.218        0.000                      0                 1383        3.020        0.000                       0                   387  


------------------------------------------------------------------------------------------------
| Inter Clock Table
| -----------------
------------------------------------------------------------------------------------------------

From Clock    To Clock          WNS(ns)      TNS(ns)  TNS Failing Endpoints  TNS Total Endpoints      WHS(ns)      THS(ns)  THS Failing Endpoints  THS Total Endpoints  
----------    --------          -------      -------  ---------------------  -------------------      -------      -------  ---------------------  -------------------  


------------------------------------------------------------------------------------------------
| Other Path Groups Table
| -----------------------
------------------------------------------------------------------------------------------------

Path Group    From Clock    To Clock          WNS(ns)      TNS(ns)  TNS Failing Endpoints  TNS Total Endpoints      WHS(ns)      THS(ns)  THS Failing Endpoints  THS Total Endpoints  
----------    ----------    --------          -------      -------  ---------------------  -------------------      -------      -------  ---------------------  -------------------  


------------------------------------------------------------------------------------------------
| Timing Details
| --------------
------------------------------------------------------------------------------------------------


---------------------------------------------------------------------------------------------------
From Clock:  ap_clk
  To Clock:  ap_clk

Setup :            0  Failing Endpoints,  Worst Slack        2.834ns,  Total Violation        0.000ns
Hold  :            0  Failing Endpoints,  Worst Slack        0.218ns,  Total Violation        0.000ns
PW    :            0  Failing Endpoints,  Worst Slack        3.020ns,  Total Violation        0.000ns
---------------------------------------------------------------------------------------------------


Max Delay Paths
--------------------------------------------------------------------------------------
Slack (MET) :             2.834ns  (required time - arrival time)
  Source:                 bd_0_i/hls_inst/U0/p_ZZ14GaussianFilter7ap_uintILi8EES0_S0_S0_S0_E13data_in_array_4_0_reg[6]/C
                            (rising edge-triggered cell FDRE clocked by ap_clk  {rise@0.000ns fall@4.000ns period=8.000ns})
  Destination:            bd_0_i/hls_inst/U0/mac_muladd_8ns_8ns_16ns_17_4_1_U16/GaussianFilter_mac_muladd_8ns_8ns_16ns_17_4_1_DSP48_0_U/p_reg_reg/C[14]
                            (rising edge-triggered cell DSP48E1 clocked by ap_clk  {rise@0.000ns fall@4.000ns period=8.000ns})
  Path Group:             ap_clk
  Path Type:              Setup (Max at Slow Process Corner)
  Requirement:            8.000ns  (ap_clk rise@8.000ns - ap_clk rise@0.000ns)
  Data Path Delay:        3.206ns  (logic 1.399ns (43.641%)  route 1.807ns (56.359%))
  Logic Levels:           2  (CARRY4=2)
  Clock Path Skew:        -0.049ns (DCD - SCD + CPR)
    Destination Clock Delay (DCD):    0.924ns = ( 8.924 - 8.000 ) 
    Source Clock Delay      (SCD):    0.973ns
    Clock Pessimism Removal (CPR):    0.000ns
  Clock Uncertainty:      0.035ns  ((TSJ^2 + TIJ^2)^1/2 + DJ) / 2 + PE
    Total System Jitter     (TSJ):    0.071ns
    Total Input Jitter      (TIJ):    0.000ns
    Discrete Jitter          (DJ):    0.000ns
    Phase Error              (PE):    0.000ns

    Location             Delay type                Incr(ns)  Path(ns)    Netlist Resource(s)
  -------------------------------------------------------------------    -------------------
                         (clock ap_clk rise edge)     0.000     0.000 r  
                                                      0.000     0.000 r  ap_clk (IN)
                         net (fo=386, unset)          0.973     0.973    bd_0_i/hls_inst/U0/ap_clk
                         FDRE                                         r  bd_0_i/hls_inst/U0/p_ZZ14GaussianFilter7ap_uintILi8EES0_S0_S0_S0_E13data_in_array_4_0_reg[6]/C
  -------------------------------------------------------------------    -------------------
                         FDRE (Prop_fdre_C_Q)         0.496     1.469 r  bd_0_i/hls_inst/U0/p_ZZ14GaussianFilter7ap_uintILi8EES0_S0_S0_S0_E13data_in_array_4_0_reg[6]/Q
                         net (fo=4, unplaced)         1.007     2.476    bd_0_i/hls_inst/U0/mac_muladd_8ns_8ns_16ns_17_4_1_U16/GaussianFilter_mac_muladd_8ns_8ns_16ns_17_4_1_DSP48_0_U/p_reg_reg_0[6]
                         CARRY4 (Prop_carry4_S[3]_CO[3])
                                                      0.671     3.147 r  bd_0_i/hls_inst/U0/mac_muladd_8ns_8ns_16ns_17_4_1_U16/GaussianFilter_mac_muladd_8ns_8ns_16ns_17_4_1_DSP48_0_U/p_reg_reg_i_2__2/CO[3]
                         net (fo=1, unplaced)         0.000     3.147    bd_0_i/hls_inst/U0/mac_muladd_8ns_8ns_16ns_17_4_1_U16/GaussianFilter_mac_muladd_8ns_8ns_16ns_17_4_1_DSP48_0_U/p_reg_reg_i_2__2_n_0
                         CARRY4 (Prop_carry4_CI_O[0])
                                                      0.232     3.379 r  bd_0_i/hls_inst/U0/mac_muladd_8ns_8ns_16ns_17_4_1_U16/GaussianFilter_mac_muladd_8ns_8ns_16ns_17_4_1_DSP48_0_U/p_reg_reg_i_1__2/O[0]
                         net (fo=1, unplaced)         0.800     4.179    bd_0_i/hls_inst/U0/mac_muladd_8ns_8ns_16ns_17_4_1_U16/GaussianFilter_mac_muladd_8ns_8ns_16ns_17_4_1_DSP48_0_U/p_reg_reg_i_1__2_n_7
                         DSP48E1                                      r  bd_0_i/hls_inst/U0/mac_muladd_8ns_8ns_16ns_17_4_1_U16/GaussianFilter_mac_muladd_8ns_8ns_16ns_17_4_1_DSP48_0_U/p_reg_reg/C[14]
  -------------------------------------------------------------------    -------------------

                         (clock ap_clk rise edge)     8.000     8.000 r  
                                                      0.000     8.000 r  ap_clk (IN)
                         net (fo=386, unset)          0.924     8.924    bd_0_i/hls_inst/U0/mac_muladd_8ns_8ns_16ns_17_4_1_U16/GaussianFilter_mac_muladd_8ns_8ns_16ns_17_4_1_DSP48_0_U/ap_clk
                         DSP48E1                                      r  bd_0_i/hls_inst/U0/mac_muladd_8ns_8ns_16ns_17_4_1_U16/GaussianFilter_mac_muladd_8ns_8ns_16ns_17_4_1_DSP48_0_U/p_reg_reg/CLK
                         clock pessimism              0.000     8.924    
                         clock uncertainty           -0.035     8.889    
                         DSP48E1 (Setup_dsp48e1_CLK_C[14])
                                                     -1.876     7.013    bd_0_i/hls_inst/U0/mac_muladd_8ns_8ns_16ns_17_4_1_U16/GaussianFilter_mac_muladd_8ns_8ns_16ns_17_4_1_DSP48_0_U/p_reg_reg
  -------------------------------------------------------------------
                         required time                          7.013    
                         arrival time                          -4.179    
  -------------------------------------------------------------------
                         slack                                  2.834    





Min Delay Paths
--------------------------------------------------------------------------------------
Slack (MET) :             0.218ns  (arrival time - required time)
  Source:                 bd_0_i/hls_inst/U0/p_ZZ14GaussianFilter7ap_uintILi8EES0_S0_S0_S0_E13data_in_array_3_1_load_reg_942_reg[0]/C
                            (rising edge-triggered cell FDRE clocked by ap_clk  {rise@0.000ns fall@4.000ns period=8.000ns})
  Destination:            bd_0_i/hls_inst/U0/p_ZZ14GaussianFilter7ap_uintILi8EES0_S0_S0_S0_E13data_in_array_3_3_reg[0]_srl2/D
                            (rising edge-triggered cell SRL16E clocked by ap_clk  {rise@0.000ns fall@4.000ns period=8.000ns})
  Path Group:             ap_clk
  Path Type:              Hold (Min at Fast Process Corner)
  Requirement:            0.000ns  (ap_clk rise@0.000ns - ap_clk rise@0.000ns)
  Data Path Delay:        0.303ns  (logic 0.158ns (52.072%)  route 0.145ns (47.928%))
  Logic Levels:           0  
  Clock Path Skew:        0.022ns (DCD - SCD - CPR)
    Destination Clock Delay (DCD):    0.432ns
    Source Clock Delay      (SCD):    0.410ns
    Clock Pessimism Removal (CPR):    -0.000ns

    Location             Delay type                Incr(ns)  Path(ns)    Netlist Resource(s)
  -------------------------------------------------------------------    -------------------
                         (clock ap_clk rise edge)     0.000     0.000 r  
                                                      0.000     0.000 r  ap_clk (IN)
                         net (fo=386, unset)          0.410     0.410    bd_0_i/hls_inst/U0/ap_clk
                         FDRE                                         r  bd_0_i/hls_inst/U0/p_ZZ14GaussianFilter7ap_uintILi8EES0_S0_S0_S0_E13data_in_array_3_1_load_reg_942_reg[0]/C
  -------------------------------------------------------------------    -------------------
                         FDRE (Prop_fdre_C_Q)         0.158     0.568 r  bd_0_i/hls_inst/U0/p_ZZ14GaussianFilter7ap_uintILi8EES0_S0_S0_S0_E13data_in_array_3_1_load_reg_942_reg[0]/Q
                         net (fo=2, unplaced)         0.145     0.714    bd_0_i/hls_inst/U0/p_ZZ14GaussianFilter7ap_uintILi8EES0_S0_S0_S0_E13data_in_array_3_1_load_reg_942[0]
                         SRL16E                                       r  bd_0_i/hls_inst/U0/p_ZZ14GaussianFilter7ap_uintILi8EES0_S0_S0_S0_E13data_in_array_3_3_reg[0]_srl2/D
  -------------------------------------------------------------------    -------------------

                         (clock ap_clk rise edge)     0.000     0.000 r  
                                                      0.000     0.000 r  ap_clk (IN)
                         net (fo=386, unset)          0.432     0.432    bd_0_i/hls_inst/U0/ap_clk
                         SRL16E                                       r  bd_0_i/hls_inst/U0/p_ZZ14GaussianFilter7ap_uintILi8EES0_S0_S0_S0_E13data_in_array_3_3_reg[0]_srl2/CLK
                         clock pessimism              0.000     0.432    
                         SRL16E (Hold_srl16e_CLK_D)
                                                      0.064     0.496    bd_0_i/hls_inst/U0/p_ZZ14GaussianFilter7ap_uintILi8EES0_S0_S0_S0_E13data_in_array_3_3_reg[0]_srl2
  -------------------------------------------------------------------
                         required time                         -0.496    
                         arrival time                           0.714    
  -------------------------------------------------------------------
                         slack                                  0.218    





Pulse Width Checks
--------------------------------------------------------------------------------------
Clock Name:         ap_clk
Waveform(ns):       { 0.000 4.000 }
Period(ns):         8.000
Sources:            { ap_clk }

Check Type        Corner  Lib Pin      Reference Pin  Required(ns)  Actual(ns)  Slack(ns)  Location  Pin
Min Period        n/a     DSP48E1/CLK  n/a            3.884         8.000       4.116                bd_0_i/hls_inst/U0/mac_muladd_8ns_8ns_16ns_17_4_1_U10/GaussianFilter_mac_muladd_8ns_8ns_16ns_17_4_1_DSP48_0_U/m_reg_reg/CLK
Low Pulse Width   Slow    SRL16E/CLK   n/a            0.980         4.000       3.020                bd_0_i/hls_inst/U0/p_ZZ14GaussianFilter7ap_uintILi8EES0_S0_S0_S0_E13data_in_array_3_3_reg[0]_srl2/CLK
High Pulse Width  Slow    SRL16E/CLK   n/a            0.980         4.000       3.020                bd_0_i/hls_inst/U0/p_ZZ14GaussianFilter7ap_uintILi8EES0_S0_S0_S0_E13data_in_array_3_3_reg[0]_srl2/CLK



